                      :-) GROMACS - gmx mdrun, 2022.4 (-:

Copyright 1991-2022 The GROMACS Authors.
GROMACS is free software; you can redistribute it and/or modify it
under the terms of the GNU Lesser General Public License
as published by the Free Software Foundation; either version 2.1
of the License, or (at your option) any later version.

                         Current GROMACS contributors:
       Mark Abraham           Andrey Alekseenko           Cathrine Bergh      
      Christian Blau            Eliane Briand               Kevin Boyd        
     Oliver Fleetwood         Stefan Fleischmann           Vytas Gapsys       
       Gaurav Garg           Gilles Gouaillardet            Alan Gray         
      Victor Holanda           M. Eric Irrgang              Joe Jordan        
    Christoph Junghans        Prashanth Kanduri           Sebastian Kehl      
     Sebastian Keller          Carsten Kutzner           Magnus Lundborg      
       Pascal Merz              Dmitry Morozov             Szilard Pall       
      Roland Schulz             Michael Shirts         David van der Spoel    
     Alessandra Villa      Sebastian Wingbermuehle        Artem Zhmurov       

                         Previous GROMACS contributors:
        Emile Apol             Rossen Apostolov           James Barnett       
  Herman J.C. Berendsen          Par Bjelkmar           Viacheslav Bolnykh    
    Aldert van Buuren          Carlo Camilloni           Rudi van Drunen      
      Anton Feenstra           Gerrit Groenhof            Bert de Groot       
      Anca Hamuraru           Vincent Hindriksen         Aleksei Iupinov      
   Dimitrios Karkoulis           Peter Kasson               Jiri Kraus        
       Per Larsson             Justin A. Lemkul           Viveca Lindahl      
      Erik Marklund           Pieter Meulenhoff           Vedran Miletic      
      Teemu Murtola              Sander Pronk            Alexey Shvetsov      
      Alfons Sijbers            Peter Tieleman             Jon Vincent        
     Teemu Virolainen         Christian Wennberg           Maarten Wolf       

                  Coordinated by the GROMACS project leaders:
                    Paul Bauer, Berk Hess, and Erik Lindahl

GROMACS:      gmx mdrun, version 2022.4
Executable:   /usr/local/gromacs/bin/gmx
Data prefix:  /usr/local/gromacs
Working dir:  /home/gustavo/projects/masters/simulacao_iq/tutoriais/lyzozyme
Process ID:   67733
Command line:
  gmx mdrun -deffnm nvt -nb gpu

GROMACS version:    2022.4
Precision:          mixed
Memory model:       64 bit
MPI library:        thread_mpi
OpenMP support:     enabled (GMX_OPENMP_MAX_THREADS = 128)
GPU support:        CUDA
SIMD instructions:  AVX2_256
CPU FFT library:    fftw-3.3.8-sse2-avx-avx2-avx2_128
GPU FFT library:    cuFFT
RDTSCP usage:       enabled
TNG support:        enabled
Hwloc support:      disabled
Tracing support:    disabled
C compiler:         /usr/bin/cc GNU 11.3.0
C compiler flags:   -mavx2 -mfma -Wno-missing-field-initializers -fexcess-precision=fast -funroll-all-loops -O3 -DNDEBUG
C++ compiler:       /usr/bin/c++ GNU 11.3.0
C++ compiler flags: -mavx2 -mfma -Wno-missing-field-initializers -fexcess-precision=fast -funroll-all-loops -fopenmp -O3 -DNDEBUG
CUDA compiler:      /usr/local/cuda-11.8/bin/nvcc nvcc: NVIDIA (R) Cuda compiler driver;Copyright (c) 2005-2022 NVIDIA Corporation;Built on Wed_Sep_21_10:33:58_PDT_2022;Cuda compilation tools, release 11.8, V11.8.89;Build cuda_11.8.r11.8/compiler.31833905_0
CUDA compiler flags:-std=c++17;;-D_FORCE_INLINES;-mavx2 -mfma -Wno-missing-field-initializers -fexcess-precision=fast -funroll-all-loops -fopenmp -O3 -DNDEBUG
CUDA driver:        11.80
CUDA runtime:       11.80


Running on 1 node with total 2 cores, 4 processing units, 1 compatible GPU
Hardware detected:
  CPU info:
    Vendor: Intel
    Brand:  Intel(R) Core(TM) i3-6100 CPU @ 3.70GHz
    Family: 6   Model: 94   Stepping: 3
    Features: aes apic avx avx2 clfsh cmov cx8 cx16 f16c fma htt intel lahf mmx msr nonstop_tsc pcid pclmuldq pdcm pdpe1gb popcnt pse rdrnd rdtscp sse2 sse3 sse4.1 sse4.2 ssse3 tdt x2apic
  Hardware topology: Basic
    Packages, cores, and logical processors:
    [indices refer to OS logical processors]
      Package  0: [   0   2] [   1   3]
    CPU limit set by OS: -1   Recommended max number of threads: 4
  GPU info:
    Number of GPUs detected: 1
    #0: NVIDIA NVIDIA GeForce GTX 1050 Ti, compute cap.: 6.1, ECC:  no, stat: compatible


++++ PLEASE READ AND CITE THE FOLLOWING REFERENCE ++++
M. J. Abraham, T. Murtola, R. Schulz, S. Páll, J. C. Smith, B. Hess, E.
Lindahl
GROMACS: High performance molecular simulations through multi-level
parallelism from laptops to supercomputers
SoftwareX 1 (2015) pp. 19-25
-------- -------- --- Thank You --- -------- --------


++++ PLEASE READ AND CITE THE FOLLOWING REFERENCE ++++
S. Páll, M. J. Abraham, C. Kutzner, B. Hess, E. Lindahl
Tackling Exascale Software Challenges in Molecular Dynamics Simulations with
GROMACS
In S. Markidis & E. Laure (Eds.), Solving Software Challenges for Exascale 8759 (2015) pp. 3-27
-------- -------- --- Thank You --- -------- --------


++++ PLEASE READ AND CITE THE FOLLOWING REFERENCE ++++
S. Pronk, S. Páll, R. Schulz, P. Larsson, P. Bjelkmar, R. Apostolov, M. R.
Shirts, J. C. Smith, P. M. Kasson, D. van der Spoel, B. Hess, and E. Lindahl
GROMACS 4.5: a high-throughput and highly parallel open source molecular
simulation toolkit
Bioinformatics 29 (2013) pp. 845-54
-------- -------- --- Thank You --- -------- --------


++++ PLEASE READ AND CITE THE FOLLOWING REFERENCE ++++
B. Hess and C. Kutzner and D. van der Spoel and E. Lindahl
GROMACS 4: Algorithms for highly efficient, load-balanced, and scalable
molecular simulation
J. Chem. Theory Comput. 4 (2008) pp. 435-447
-------- -------- --- Thank You --- -------- --------


++++ PLEASE READ AND CITE THE FOLLOWING REFERENCE ++++
D. van der Spoel, E. Lindahl, B. Hess, G. Groenhof, A. E. Mark and H. J. C.
Berendsen
GROMACS: Fast, Flexible and Free
J. Comp. Chem. 26 (2005) pp. 1701-1719
-------- -------- --- Thank You --- -------- --------


++++ PLEASE READ AND CITE THE FOLLOWING REFERENCE ++++
E. Lindahl and B. Hess and D. van der Spoel
GROMACS 3.0: A package for molecular simulation and trajectory analysis
J. Mol. Mod. 7 (2001) pp. 306-317
-------- -------- --- Thank You --- -------- --------


++++ PLEASE READ AND CITE THE FOLLOWING REFERENCE ++++
H. J. C. Berendsen, D. van der Spoel and R. van Drunen
GROMACS: A message-passing parallel molecular dynamics implementation
Comp. Phys. Comm. 91 (1995) pp. 43-56
-------- -------- --- Thank You --- -------- --------


++++ PLEASE CITE THE DOI FOR THIS VERSION OF GROMACS ++++
https://doi.org/10.5281/zenodo.7323393
-------- -------- --- Thank You --- -------- --------

Input Parameters:
   integrator                     = md
   tinit                          = 0
   dt                             = 0.002
   nsteps                         = 50000
   init-step                      = 0
   simulation-part                = 1
   mts                            = false
   comm-mode                      = Linear
   nstcomm                        = 100
   bd-fric                        = 0
   ld-seed                        = -273842177
   emtol                          = 10
   emstep                         = 0.01
   niter                          = 20
   fcstep                         = 0
   nstcgsteep                     = 1000
   nbfgscorr                      = 10
   rtpi                           = 0.05
   nstxout                        = 500
   nstvout                        = 500
   nstfout                        = 0
   nstlog                         = 500
   nstcalcenergy                  = 100
   nstenergy                      = 500
   nstxout-compressed             = 0
   compressed-x-precision         = 1000
   cutoff-scheme                  = Verlet
   nstlist                        = 10
   pbc                            = xyz
   periodic-molecules             = false
   verlet-buffer-tolerance        = 0.005
   rlist                          = 1
   coulombtype                    = PME
   coulomb-modifier               = Potential-shift
   rcoulomb-switch                = 0
   rcoulomb                       = 1
   epsilon-r                      = 1
   epsilon-rf                     = inf
   vdw-type                       = Cut-off
   vdw-modifier                   = Potential-shift
   rvdw-switch                    = 0
   rvdw                           = 1
   DispCorr                       = EnerPres
   table-extension                = 1
   fourierspacing                 = 0.16
   fourier-nx                     = 44
   fourier-ny                     = 44
   fourier-nz                     = 44
   pme-order                      = 4
   ewald-rtol                     = 1e-05
   ewald-rtol-lj                  = 0.001
   lj-pme-comb-rule               = Geometric
   ewald-geometry                 = 3d
   epsilon-surface                = 0
   tcoupl                         = V-rescale
   nsttcouple                     = 10
   nh-chain-length                = 0
   print-nose-hoover-chain-variables = false
   pcoupl                         = No
   pcoupltype                     = Isotropic
   nstpcouple                     = -1
   tau-p                          = 1
   compressibility (3x3):
      compressibility[    0]={ 0.00000e+00,  0.00000e+00,  0.00000e+00}
      compressibility[    1]={ 0.00000e+00,  0.00000e+00,  0.00000e+00}
      compressibility[    2]={ 0.00000e+00,  0.00000e+00,  0.00000e+00}
   ref-p (3x3):
      ref-p[    0]={ 0.00000e+00,  0.00000e+00,  0.00000e+00}
      ref-p[    1]={ 0.00000e+00,  0.00000e+00,  0.00000e+00}
      ref-p[    2]={ 0.00000e+00,  0.00000e+00,  0.00000e+00}
   refcoord-scaling               = No
   posres-com (3):
      posres-com[0]= 0.00000e+00
      posres-com[1]= 0.00000e+00
      posres-com[2]= 0.00000e+00
   posres-comB (3):
      posres-comB[0]= 0.00000e+00
      posres-comB[1]= 0.00000e+00
      posres-comB[2]= 0.00000e+00
   QMMM                           = false
qm-opts:
   ngQM                           = 0
   constraint-algorithm           = Lincs
   continuation                   = false
   Shake-SOR                      = false
   shake-tol                      = 0.0001
   lincs-order                    = 4
   lincs-iter                     = 1
   lincs-warnangle                = 30
   nwall                          = 0
   wall-type                      = 9-3
   wall-r-linpot                  = -1
   wall-atomtype[0]               = -1
   wall-atomtype[1]               = -1
   wall-density[0]                = 0
   wall-density[1]                = 0
   wall-ewald-zfac                = 3
   pull                           = false
   awh                            = false
   rotation                       = false
   interactiveMD                  = false
   disre                          = No
   disre-weighting                = Conservative
   disre-mixed                    = false
   dr-fc                          = 1000
   dr-tau                         = 0
   nstdisreout                    = 100
   orire-fc                       = 0
   orire-tau                      = 0
   nstorireout                    = 100
   free-energy                    = no
   cos-acceleration               = 0
   deform (3x3):
      deform[    0]={ 0.00000e+00,  0.00000e+00,  0.00000e+00}
      deform[    1]={ 0.00000e+00,  0.00000e+00,  0.00000e+00}
      deform[    2]={ 0.00000e+00,  0.00000e+00,  0.00000e+00}
   simulated-tempering            = false
   swapcoords                     = no
   userint1                       = 0
   userint2                       = 0
   userint3                       = 0
   userint4                       = 0
   userreal1                      = 0
   userreal2                      = 0
   userreal3                      = 0
   userreal4                      = 0
   applied-forces:
     electric-field:
       x:
         E0                       = 0
         omega                    = 0
         t0                       = 0
         sigma                    = 0
       y:
         E0                       = 0
         omega                    = 0
         t0                       = 0
         sigma                    = 0
       z:
         E0                       = 0
         omega                    = 0
         t0                       = 0
         sigma                    = 0
     density-guided-simulation:
       active                     = false
       group                      = protein
       similarity-measure         = inner-product
       atom-spreading-weight      = unity
       force-constant             = 1e+09
       gaussian-transform-spreading-width = 0.2
       gaussian-transform-spreading-range-in-multiples-of-width = 4
       reference-density-filename = reference.mrc
       nst                        = 1
       normalize-densities        = true
       adaptive-force-scaling     = false
       adaptive-force-scaling-time-constant = 4
       shift-vector               = 
       transformation-matrix      = 
     qmmm-cp2k:
       active                     = false
       qmgroup                    = System
       qmmethod                   = PBE
       qmfilenames                = 
       qmcharge                   = 0
       qmmultiplicity             = 1
grpopts:
   nrdf:     4920.79     63837.2
   ref-t:         300         300
   tau-t:         0.1         0.1
annealing:          No          No
annealing-npoints:           0           0
   acc:	           0           0           0
   nfreeze:           N           N           N
   energygrp-flags[  0]: 0

Changing nstlist from 10 to 100, rlist from 1 to 1.165

When checking whether update groups are usable:
  Domain decomposition is not active, so there is no need for update groups
1 GPU selected for this run.
Mapping of GPU IDs to the 2 GPU tasks in the 1 rank on this node:
  PP:0,PME:0
PP tasks will do (non-perturbed) short-ranged interactions on the GPU
PP task will update and constrain coordinates on the CPU
PME tasks will do all aspects on the GPU
Using 1 MPI thread
Using 4 OpenMP threads 

Pinning threads with an auto-selected logical cpu stride of 1
System total charge: -0.000
Will do PME sum in reciprocal space for electrostatic interactions.

++++ PLEASE READ AND CITE THE FOLLOWING REFERENCE ++++
U. Essmann, L. Perera, M. L. Berkowitz, T. Darden, H. Lee and L. G. Pedersen 
A smooth particle mesh Ewald method
J. Chem. Phys. 103 (1995) pp. 8577-8592
-------- -------- --- Thank You --- -------- --------

Using a Gaussian width (1/beta) of 0.320163 nm for Ewald
Potential shift: LJ r^-12: -1.000e+00 r^-6: -1.000e+00, Ewald -1.000e-05
Initialized non-bonded Coulomb Ewald tables, spacing: 9.33e-04 size: 1073

Generated table with 1082 data points for 1-4 COUL.
Tabscale = 500 points/nm
Generated table with 1082 data points for 1-4 LJ6.
Tabscale = 500 points/nm
Generated table with 1082 data points for 1-4 LJ12.
Tabscale = 500 points/nm
Long Range LJ corr.: <C6> 3.1923e-04


Using GPU 8x8 nonbonded short-range kernels

Using a dual 8x8 pair-list setup updated with dynamic, rolling pruning:
  outer list: updated every 100 steps, buffer 0.165 nm, rlist 1.165 nm
  inner list: updated every  10 steps, buffer 0.001 nm, rlist 1.001 nm
At tolerance 0.005 kJ/mol/ps per atom, equivalent classical 1x1 list would be:
  outer list: updated every 100 steps, buffer 0.318 nm, rlist 1.318 nm
  inner list: updated every  10 steps, buffer 0.042 nm, rlist 1.042 nm

Using Geometric Lennard-Jones combination rule
Removing pbc first time

Initializing LINear Constraint Solver

++++ PLEASE READ AND CITE THE FOLLOWING REFERENCE ++++
B. Hess and H. Bekker and H. J. C. Berendsen and J. G. E. M. Fraaije
LINCS: A Linear Constraint Solver for molecular simulations
J. Comp. Chem. 18 (1997) pp. 1463-1472
-------- -------- --- Thank You --- -------- --------

The number of constraints is 959

++++ PLEASE READ AND CITE THE FOLLOWING REFERENCE ++++
S. Miyamoto and P. A. Kollman
SETTLE: An Analytical Version of the SHAKE and RATTLE Algorithms for Rigid
Water Models
J. Comp. Chem. 13 (1992) pp. 952-962
-------- -------- --- Thank You --- -------- --------


++++ PLEASE READ AND CITE THE FOLLOWING REFERENCE ++++
G. Bussi, D. Donadio and M. Parrinello
Canonical sampling through velocity rescaling
J. Chem. Phys. 126 (2007) pp. 014101
-------- -------- --- Thank You --- -------- --------

There are: 33876 Atoms

Constraining the starting coordinates (step 0)

Constraining the coordinates at t0-dt (step 0)
Center of mass motion removal mode is Linear
We have the following groups for center of mass motion removal:
  0:  rest
RMS relative constraint deviation after constraining: 2.84e-06
Initial temperature: 299.612 K

Started mdrun on rank 0 Sat Nov 26 18:23:31 2022

           Step           Time
              0        0.00000

   Energies (kJ/mol)
           Bond          Angle    Proper Dih. Ryckaert-Bell.          LJ-14
    2.17119e+02    9.49653e+02    7.25358e+01    1.42763e+03    2.50291e+03
     Coulomb-14        LJ (SR)  Disper. corr.   Coulomb (SR)   Coul. recip.
    7.77657e+03    8.87726e+04   -4.44920e+03   -6.92796e+05    2.78817e+03
 Position Rest.      Potential    Kinetic En.   Total Energy  Conserved En.
    1.25253e-03   -5.92738e+05    8.56647e+04   -5.07073e+05   -5.07073e+05
    Temperature Pres. DC (bar) Pressure (bar)   Constr. rmsd
    2.99692e+02   -2.14729e+02   -5.39068e+03    2.85884e-06

           Step           Time
            500        1.00000

   Energies (kJ/mol)
           Bond          Angle    Proper Dih. Ryckaert-Bell.          LJ-14
    1.36749e+03    3.67506e+03    2.28674e+02    1.94287e+03    2.75321e+03
     Coulomb-14        LJ (SR)  Disper. corr.   Coulomb (SR)   Coul. recip.
    7.81186e+03    9.14005e+04   -4.44920e+03   -6.27133e+05    3.05921e+03
 Position Rest.      Potential    Kinetic En.   Total Energy  Conserved En.
    5.76481e+02   -5.18767e+05    8.52874e+04   -4.33479e+05   -5.06243e+05
    Temperature Pres. DC (bar) Pressure (bar)   Constr. rmsd
    2.98372e+02   -2.14729e+02   -2.54163e+02    2.63671e-06

           Step           Time
           1000        2.00000

   Energies (kJ/mol)
           Bond          Angle    Proper Dih. Ryckaert-Bell.          LJ-14
    1.50332e+03    3.75632e+03    2.31822e+02    1.88398e+03    2.67788e+03
     Coulomb-14        LJ (SR)  Disper. corr.   Coulomb (SR)   Coul. recip.
    7.75017e+03    9.02197e+04   -4.44920e+03   -6.27073e+05    3.05624e+03
 Position Rest.      Potential    Kinetic En.   Total Energy  Conserved En.
    5.42291e+02   -5.19900e+05    8.61255e+04   -4.33775e+05   -5.06215e+05
    Temperature Pres. DC (bar) Pressure (bar)   Constr. rmsd
    3.01304e+02   -2.14729e+02   -1.01313e+03    2.86675e-06

           Step           Time
           1500        3.00000

   Energies (kJ/mol)
           Bond          Angle    Proper Dih. Ryckaert-Bell.          LJ-14
    1.48118e+03    3.51607e+03    2.43749e+02    1.85026e+03    2.69684e+03
     Coulomb-14        LJ (SR)  Disper. corr.   Coulomb (SR)   Coul. recip.
    7.66223e+03    9.12668e+04   -4.44920e+03   -6.29030e+05    3.01537e+03
 Position Rest.      Potential    Kinetic En.   Total Energy  Conserved En.
    4.85908e+02   -5.21261e+05    8.54214e+04   -4.35840e+05   -5.06231e+05
    Temperature Pres. DC (bar) Pressure (bar)   Constr. rmsd
    2.98840e+02   -2.14729e+02   -5.34979e+02    2.93394e-06

           Step           Time
           2000        4.00000

   Energies (kJ/mol)
           Bond          Angle    Proper Dih. Ryckaert-Bell.          LJ-14
    1.42336e+03    3.64400e+03    2.57201e+02    1.92734e+03    2.71299e+03
     Coulomb-14        LJ (SR)  Disper. corr.   Coulomb (SR)   Coul. recip.
    7.64686e+03    8.99718e+04   -4.44920e+03   -6.27443e+05    3.01180e+03
 Position Rest.      Potential    Kinetic En.   Total Energy  Conserved En.
    5.61048e+02   -5.20735e+05    8.55538e+04   -4.35182e+05   -5.06249e+05
    Temperature Pres. DC (bar) Pressure (bar)   Constr. rmsd
    2.99303e+02   -2.14729e+02   -7.44912e+02    2.78871e-06

step 2300: timed with pme grid 44 44 44, coulomb cutoff 1.000: 853.3 M-cycles
step 2500: timed with pme grid 40 40 40, coulomb cutoff 1.095: 977.7 M-cycles
           Step           Time
           2500        5.00000

   Energies (kJ/mol)
           Bond          Angle    Proper Dih. Ryckaert-Bell.          LJ-14
    1.51381e+03    3.77041e+03    2.68094e+02    1.89310e+03    2.69200e+03
     Coulomb-14        LJ (SR)  Disper. corr.   Coulomb (SR)   Coul. recip.
    7.76472e+03    9.26966e+04   -4.44920e+03   -6.30951e+05    2.63830e+03
 Position Rest.      Potential    Kinetic En.   Total Energy  Conserved En.
    5.20697e+02   -5.21642e+05    8.67680e+04   -4.34874e+05   -5.06217e+05
    Temperature Pres. DC (bar) Pressure (bar)   Constr. rmsd
    3.03551e+02   -2.14729e+02   -5.07149e+02    2.77009e-06

step 2700: timed with pme grid 42 42 42, coulomb cutoff 1.043: 910.1 M-cycles
step 2900: timed with pme grid 44 44 44, coulomb cutoff 1.000: 839.8 M-cycles
              optimal pme grid 44 44 44, coulomb cutoff 1.000
           Step           Time
           3000        6.00000

   Energies (kJ/mol)
           Bond          Angle    Proper Dih. Ryckaert-Bell.          LJ-14
    1.32788e+03    3.80776e+03    2.54038e+02    1.85518e+03    2.73310e+03
     Coulomb-14        LJ (SR)  Disper. corr.   Coulomb (SR)   Coul. recip.
    7.62973e+03    9.23113e+04   -4.44920e+03   -6.30883e+05    2.96917e+03
 Position Rest.      Potential    Kinetic En.   Total Energy  Conserved En.
    4.94402e+02   -5.21950e+05    8.64370e+04   -4.35513e+05   -5.06213e+05
    Temperature Pres. DC (bar) Pressure (bar)   Constr. rmsd
    3.02393e+02   -2.14729e+02   -2.16397e+02    3.16919e-06

           Step           Time
           3500        7.00000

   Energies (kJ/mol)
           Bond          Angle    Proper Dih. Ryckaert-Bell.          LJ-14
    1.50648e+03    3.70367e+03    2.55062e+02    1.85090e+03    2.71113e+03
     Coulomb-14        LJ (SR)  Disper. corr.   Coulomb (SR)   Coul. recip.
    7.70152e+03    9.11536e+04   -4.44920e+03   -6.29859e+05    3.04695e+03
 Position Rest.      Potential    Kinetic En.   Total Energy  Conserved En.
    4.91538e+02   -5.21887e+05    8.53076e+04   -4.36580e+05   -5.06193e+05
    Temperature Pres. DC (bar) Pressure (bar)   Constr. rmsd
    2.98442e+02   -2.14729e+02   -6.61816e+02    2.76905e-06

           Step           Time
           4000        8.00000

   Energies (kJ/mol)
           Bond          Angle    Proper Dih. Ryckaert-Bell.          LJ-14
    1.51533e+03    3.76991e+03    2.41969e+02    1.93527e+03    2.63446e+03
     Coulomb-14        LJ (SR)  Disper. corr.   Coulomb (SR)   Coul. recip.
    7.75537e+03    9.12191e+04   -4.44920e+03   -6.29944e+05    3.04438e+03
 Position Rest.      Potential    Kinetic En.   Total Energy  Conserved En.
    4.50911e+02   -5.21827e+05    8.56395e+04   -4.36187e+05   -5.06200e+05
    Temperature Pres. DC (bar) Pressure (bar)   Constr. rmsd
    2.99603e+02   -2.14729e+02   -7.17953e+02    2.71724e-06

           Step           Time
           4500        9.00000

   Energies (kJ/mol)
           Bond          Angle    Proper Dih. Ryckaert-Bell.          LJ-14
    1.52935e+03    3.71389e+03    2.48489e+02    1.81217e+03    2.67587e+03
     Coulomb-14        LJ (SR)  Disper. corr.   Coulomb (SR)   Coul. recip.
    7.65840e+03    9.24850e+04   -4.44920e+03   -6.32834e+05    2.89467e+03
 Position Rest.      Potential    Kinetic En.   Total Energy  Conserved En.
    4.94035e+02   -5.23772e+05    8.57983e+04   -4.37974e+05   -5.06209e+05
    Temperature Pres. DC (bar) Pressure (bar)   Constr. rmsd
    3.00159e+02   -2.14729e+02   -7.10293e+02    3.04881e-06

           Step           Time
           5000       10.00000

   Energies (kJ/mol)
           Bond          Angle    Proper Dih. Ryckaert-Bell.          LJ-14
    1.50318e+03    3.70761e+03    2.86135e+02    1.88288e+03    2.65370e+03
     Coulomb-14        LJ (SR)  Disper. corr.   Coulomb (SR)   Coul. recip.
    7.74500e+03    9.16522e+04   -4.44920e+03   -6.31086e+05    2.99021e+03
 Position Rest.      Potential    Kinetic En.   Total Energy  Conserved En.
    4.63380e+02   -5.22650e+05    8.60945e+04   -4.36556e+05   -5.06229e+05
    Temperature Pres. DC (bar) Pressure (bar)   Constr. rmsd
    3.01195e+02   -2.14729e+02   -6.73945e+02    3.11753e-06

           Step           Time
           5500       11.00000

   Energies (kJ/mol)
           Bond          Angle    Proper Dih. Ryckaert-Bell.          LJ-14
    1.43855e+03    3.78287e+03    2.61436e+02    1.90802e+03    2.64448e+03
     Coulomb-14        LJ (SR)  Disper. corr.   Coulomb (SR)   Coul. recip.
    7.79657e+03    9.27217e+04   -4.44920e+03   -6.32268e+05    2.95100e+03
 Position Rest.      Potential    Kinetic En.   Total Energy  Conserved En.
    4.96075e+02   -5.22716e+05    8.59979e+04   -4.36719e+05   -5.06241e+05
    Temperature Pres. DC (bar) Pressure (bar)   Constr. rmsd
    3.00857e+02   -2.14729e+02   -6.85403e+02    3.14034e-06

           Step           Time
           6000       12.00000

   Energies (kJ/mol)
           Bond          Angle    Proper Dih. Ryckaert-Bell.          LJ-14
    1.48732e+03    3.76799e+03    2.44963e+02    1.86623e+03    2.69684e+03
     Coulomb-14        LJ (SR)  Disper. corr.   Coulomb (SR)   Coul. recip.
    7.74975e+03    9.28284e+04   -4.44920e+03   -6.31698e+05    3.03240e+03
 Position Rest.      Potential    Kinetic En.   Total Energy  Conserved En.
    4.75454e+02   -5.21998e+05    8.60235e+04   -4.35974e+05   -5.06207e+05
    Temperature Pres. DC (bar) Pressure (bar)   Constr. rmsd
    3.00947e+02   -2.14729e+02   -3.92248e+02    2.78625e-06

           Step           Time
           6500       13.00000

   Energies (kJ/mol)
           Bond          Angle    Proper Dih. Ryckaert-Bell.          LJ-14
    1.48197e+03    3.97930e+03    2.02718e+02    1.74206e+03    2.65579e+03
     Coulomb-14        LJ (SR)  Disper. corr.   Coulomb (SR)   Coul. recip.
    7.73612e+03    9.08364e+04   -4.44920e+03   -6.29398e+05    2.97715e+03
 Position Rest.      Potential    Kinetic En.   Total Energy  Conserved En.
    4.99544e+02   -5.21736e+05    8.51856e+04   -4.36550e+05   -5.06224e+05
    Temperature Pres. DC (bar) Pressure (bar)   Constr. rmsd
    2.98016e+02   -2.14729e+02   -6.14510e+02    2.78022e-06

           Step           Time
           7000       14.00000

   Energies (kJ/mol)
           Bond          Angle    Proper Dih. Ryckaert-Bell.          LJ-14
    1.33629e+03    3.80350e+03    2.42543e+02    1.85640e+03    2.69611e+03
     Coulomb-14        LJ (SR)  Disper. corr.   Coulomb (SR)   Coul. recip.
    7.74224e+03    9.17898e+04   -4.44920e+03   -6.31038e+05    3.02328e+03
 Position Rest.      Potential    Kinetic En.   Total Energy  Conserved En.
    4.92316e+02   -5.22505e+05    8.56370e+04   -4.36868e+05   -5.06239e+05
    Temperature Pres. DC (bar) Pressure (bar)   Constr. rmsd
    2.99595e+02   -2.14729e+02   -3.73508e+02    2.67169e-06

           Step           Time
           7500       15.00000

   Energies (kJ/mol)
           Bond          Angle    Proper Dih. Ryckaert-Bell.          LJ-14
    1.42614e+03    3.84835e+03    2.93538e+02    1.90852e+03    2.74339e+03
     Coulomb-14        LJ (SR)  Disper. corr.   Coulomb (SR)   Coul. recip.
    7.73861e+03    9.17506e+04   -4.44920e+03   -6.31360e+05    3.04025e+03
 Position Rest.      Potential    Kinetic En.   Total Energy  Conserved En.
    4.76206e+02   -5.22584e+05    8.60587e+04   -4.36525e+05   -5.06221e+05
    Temperature Pres. DC (bar) Pressure (bar)   Constr. rmsd
    3.01070e+02   -2.14729e+02   -4.08420e+02    2.86091e-06

           Step           Time
           8000       16.00000

   Energies (kJ/mol)
           Bond          Angle    Proper Dih. Ryckaert-Bell.          LJ-14
    1.35016e+03    3.78938e+03    2.48425e+02    1.85223e+03    2.72826e+03
     Coulomb-14        LJ (SR)  Disper. corr.   Coulomb (SR)   Coul. recip.
    7.67279e+03    9.20699e+04   -4.44920e+03   -6.31585e+05    2.95354e+03
 Position Rest.      Potential    Kinetic En.   Total Energy  Conserved En.
    4.47775e+02   -5.22922e+05    8.55633e+04   -4.37359e+05   -5.06251e+05
    Temperature Pres. DC (bar) Pressure (bar)   Constr. rmsd
    2.99337e+02   -2.14729e+02   -5.94556e+02    3.00008e-06

           Step           Time
           8500       17.00000

   Energies (kJ/mol)
           Bond          Angle    Proper Dih. Ryckaert-Bell.          LJ-14
    1.54053e+03    3.64641e+03    2.60035e+02    1.86066e+03    2.67214e+03
     Coulomb-14        LJ (SR)  Disper. corr.   Coulomb (SR)   Coul. recip.
    7.74222e+03    9.16452e+04   -4.44920e+03   -6.31717e+05    2.98367e+03
 Position Rest.      Potential    Kinetic En.   Total Energy  Conserved En.
    4.59372e+02   -5.23356e+05    8.58610e+04   -4.37495e+05   -5.06256e+05
    Temperature Pres. DC (bar) Pressure (bar)   Constr. rmsd
    3.00378e+02   -2.14729e+02   -6.58626e+02    2.64601e-06

           Step           Time
           9000       18.00000

   Energies (kJ/mol)
           Bond          Angle    Proper Dih. Ryckaert-Bell.          LJ-14
    1.33880e+03    3.76195e+03    2.34507e+02    1.86315e+03    2.66732e+03
     Coulomb-14        LJ (SR)  Disper. corr.   Coulomb (SR)   Coul. recip.
    7.67085e+03    9.14815e+04   -4.44920e+03   -6.30615e+05    3.01826e+03
 Position Rest.      Potential    Kinetic En.   Total Energy  Conserved En.
    4.88717e+02   -5.22540e+05    8.57032e+04   -4.36836e+05   -5.06254e+05
    Temperature Pres. DC (bar) Pressure (bar)   Constr. rmsd
    2.99826e+02   -2.14729e+02   -4.37856e+02    2.92097e-06

           Step           Time
           9500       19.00000

   Energies (kJ/mol)
           Bond          Angle    Proper Dih. Ryckaert-Bell.          LJ-14
    1.48723e+03    3.73473e+03    2.33849e+02    1.89939e+03    2.63779e+03
     Coulomb-14        LJ (SR)  Disper. corr.   Coulomb (SR)   Coul. recip.
    7.74194e+03    9.37432e+04   -4.44920e+03   -6.33099e+05    2.98595e+03
 Position Rest.      Potential    Kinetic En.   Total Energy  Conserved En.
    5.46141e+02   -5.22538e+05    8.60606e+04   -4.36477e+05   -5.06271e+05
    Temperature Pres. DC (bar) Pressure (bar)   Constr. rmsd
    3.01077e+02   -2.14729e+02   -2.58203e+02    2.68152e-06

           Step           Time
          10000       20.00000

   Energies (kJ/mol)
           Bond          Angle    Proper Dih. Ryckaert-Bell.          LJ-14
    1.34164e+03    3.72095e+03    2.56084e+02    1.86910e+03    2.70005e+03
     Coulomb-14        LJ (SR)  Disper. corr.   Coulomb (SR)   Coul. recip.
    7.77477e+03    9.17263e+04   -4.44920e+03   -6.31229e+05    2.99543e+03
 Position Rest.      Potential    Kinetic En.   Total Energy  Conserved En.
    4.54296e+02   -5.22840e+05    8.57182e+04   -4.37122e+05   -5.06275e+05
    Temperature Pres. DC (bar) Pressure (bar)   Constr. rmsd
    2.99879e+02   -2.14729e+02   -4.91545e+02    2.74161e-06

           Step           Time
          10500       21.00000

   Energies (kJ/mol)
           Bond          Angle    Proper Dih. Ryckaert-Bell.          LJ-14
    1.38798e+03    3.79260e+03    2.29755e+02    1.83389e+03    2.60252e+03
     Coulomb-14        LJ (SR)  Disper. corr.   Coulomb (SR)   Coul. recip.
    7.64797e+03    9.05331e+04   -4.44920e+03   -6.30368e+05    3.07250e+03
 Position Rest.      Potential    Kinetic En.   Total Energy  Conserved En.
    5.25476e+02   -5.23191e+05    8.52859e+04   -4.37905e+05   -5.06285e+05
    Temperature Pres. DC (bar) Pressure (bar)   Constr. rmsd
    2.98366e+02   -2.14729e+02   -6.84553e+02    3.05655e-06

           Step           Time
          11000       22.00000

   Energies (kJ/mol)
           Bond          Angle    Proper Dih. Ryckaert-Bell.          LJ-14
    1.36023e+03    3.69405e+03    2.63877e+02    1.83116e+03    2.75322e+03
     Coulomb-14        LJ (SR)  Disper. corr.   Coulomb (SR)   Coul. recip.
    7.75916e+03    9.12029e+04   -4.44920e+03   -6.30703e+05    2.95775e+03
 Position Rest.      Potential    Kinetic En.   Total Energy  Conserved En.
    5.36558e+02   -5.22793e+05    8.51060e+04   -4.37688e+05   -5.06266e+05
    Temperature Pres. DC (bar) Pressure (bar)   Constr. rmsd
    2.97737e+02   -2.14729e+02   -8.31609e+02    2.87580e-06

           Step           Time
          11500       23.00000

   Energies (kJ/mol)
           Bond          Angle    Proper Dih. Ryckaert-Bell.          LJ-14
    1.49948e+03    3.72577e+03    2.99792e+02    1.78654e+03    2.69777e+03
     Coulomb-14        LJ (SR)  Disper. corr.   Coulomb (SR)   Coul. recip.
    7.64053e+03    9.09741e+04   -4.44920e+03   -6.29810e+05    2.99985e+03
 Position Rest.      Potential    Kinetic En.   Total Energy  Conserved En.
    4.77230e+02   -5.22158e+05    8.49709e+04   -4.37187e+05   -5.06270e+05
    Temperature Pres. DC (bar) Pressure (bar)   Constr. rmsd
    2.97264e+02   -2.14729e+02   -4.92117e+02    3.08631e-06

           Step           Time
          12000       24.00000

   Energies (kJ/mol)
           Bond          Angle    Proper Dih. Ryckaert-Bell.          LJ-14
    1.49248e+03    3.66817e+03    2.22548e+02    1.76701e+03    2.60765e+03
     Coulomb-14        LJ (SR)  Disper. corr.   Coulomb (SR)   Coul. recip.
    7.73570e+03    9.28504e+04   -4.44920e+03   -6.31375e+05    3.05197e+03
 Position Rest.      Potential    Kinetic En.   Total Energy  Conserved En.
    4.59841e+02   -5.21969e+05    8.48209e+04   -4.37148e+05   -5.06303e+05
    Temperature Pres. DC (bar) Pressure (bar)   Constr. rmsd
    2.96740e+02   -2.14729e+02   -4.75010e+02    2.79801e-06

           Step           Time
          12500       25.00000

   Energies (kJ/mol)
           Bond          Angle    Proper Dih. Ryckaert-Bell.          LJ-14
    1.57227e+03    3.61998e+03    2.45060e+02    1.87343e+03    2.60466e+03
     Coulomb-14        LJ (SR)  Disper. corr.   Coulomb (SR)   Coul. recip.
    7.68603e+03    9.12562e+04   -4.44920e+03   -6.30347e+05    3.09158e+03
 Position Rest.      Potential    Kinetic En.   Total Energy  Conserved En.
    4.50227e+02   -5.22397e+05    8.59184e+04   -4.36478e+05   -5.06310e+05
    Temperature Pres. DC (bar) Pressure (bar)   Constr. rmsd
    3.00579e+02   -2.14729e+02   -5.90144e+02    3.02418e-06

           Step           Time
          13000       26.00000

   Energies (kJ/mol)
           Bond          Angle    Proper Dih. Ryckaert-Bell.          LJ-14
    1.55305e+03    3.72756e+03    2.30403e+02    1.87616e+03    2.69788e+03
     Coulomb-14        LJ (SR)  Disper. corr.   Coulomb (SR)   Coul. recip.
    7.79587e+03    9.38734e+04   -4.44920e+03   -6.33577e+05    2.99372e+03
 Position Rest.      Potential    Kinetic En.   Total Energy  Conserved En.
    5.44458e+02   -5.22734e+05    8.58628e+04   -4.36871e+05   -5.06281e+05
    Temperature Pres. DC (bar) Pressure (bar)   Constr. rmsd
    3.00384e+02   -2.14729e+02   -3.94354e+00    2.81924e-06

           Step           Time
          13500       27.00000

   Energies (kJ/mol)
           Bond          Angle    Proper Dih. Ryckaert-Bell.          LJ-14
    1.49139e+03    3.70499e+03    2.37795e+02    1.75649e+03    2.67014e+03
     Coulomb-14        LJ (SR)  Disper. corr.   Coulomb (SR)   Coul. recip.
    7.69420e+03    9.39636e+04   -4.44920e+03   -6.34021e+05    2.95021e+03
 Position Rest.      Potential    Kinetic En.   Total Energy  Conserved En.
    4.89051e+02   -5.23512e+05    8.62145e+04   -4.37298e+05   -5.06301e+05
    Temperature Pres. DC (bar) Pressure (bar)   Constr. rmsd
    3.01615e+02   -2.14729e+02   -3.95141e+02    3.07080e-06

           Step           Time
          14000       28.00000

   Energies (kJ/mol)
           Bond          Angle    Proper Dih. Ryckaert-Bell.          LJ-14
    1.54361e+03    3.63758e+03    2.44132e+02    1.81070e+03    2.75601e+03
     Coulomb-14        LJ (SR)  Disper. corr.   Coulomb (SR)   Coul. recip.
    7.75589e+03    9.14722e+04   -4.44920e+03   -6.31593e+05    3.06914e+03
 Position Rest.      Potential    Kinetic En.   Total Energy  Conserved En.
    4.65649e+02   -5.23287e+05    8.61731e+04   -4.37114e+05   -5.06305e+05
    Temperature Pres. DC (bar) Pressure (bar)   Constr. rmsd
    3.01470e+02   -2.14729e+02   -7.90040e+02    2.86788e-06

           Step           Time
          14500       29.00000

   Energies (kJ/mol)
           Bond          Angle    Proper Dih. Ryckaert-Bell.          LJ-14
    1.56719e+03    3.70129e+03    2.65145e+02    1.76741e+03    2.63682e+03
     Coulomb-14        LJ (SR)  Disper. corr.   Coulomb (SR)   Coul. recip.
    7.71535e+03    9.20850e+04   -4.44920e+03   -6.32112e+05    3.01008e+03
 Position Rest.      Potential    Kinetic En.   Total Energy  Conserved En.
    4.63592e+02   -5.23350e+05    8.60570e+04   -4.37293e+05   -5.06306e+05
    Temperature Pres. DC (bar) Pressure (bar)   Constr. rmsd
    3.01064e+02   -2.14729e+02   -7.71644e+02    3.01343e-06

           Step           Time
          15000       30.00000

   Energies (kJ/mol)
           Bond          Angle    Proper Dih. Ryckaert-Bell.          LJ-14
    1.45002e+03    3.79657e+03    2.23488e+02    1.75918e+03    2.68245e+03
     Coulomb-14        LJ (SR)  Disper. corr.   Coulomb (SR)   Coul. recip.
    7.71691e+03    9.20370e+04   -4.44920e+03   -6.31152e+05    2.99890e+03
 Position Rest.      Potential    Kinetic En.   Total Energy  Conserved En.
    4.74347e+02   -5.22462e+05    8.56491e+04   -4.36813e+05   -5.06313e+05
    Temperature Pres. DC (bar) Pressure (bar)   Constr. rmsd
    2.99637e+02   -2.14729e+02   -5.79534e+02    2.82431e-06

           Step           Time
          15500       31.00000

   Energies (kJ/mol)
           Bond          Angle    Proper Dih. Ryckaert-Bell.          LJ-14
    1.41856e+03    3.77954e+03    2.32975e+02    1.93035e+03    2.71684e+03
     Coulomb-14        LJ (SR)  Disper. corr.   Coulomb (SR)   Coul. recip.
    7.71471e+03    9.18655e+04   -4.44920e+03   -6.31272e+05    2.92975e+03
 Position Rest.      Potential    Kinetic En.   Total Energy  Conserved En.
    4.99024e+02   -5.22634e+05    8.61029e+04   -4.36531e+05   -5.06299e+05
    Temperature Pres. DC (bar) Pressure (bar)   Constr. rmsd
    3.01224e+02   -2.14729e+02   -3.87869e+02    3.03858e-06

           Step           Time
          16000       32.00000

   Energies (kJ/mol)
           Bond          Angle    Proper Dih. Ryckaert-Bell.          LJ-14
    1.46546e+03    3.80353e+03    2.79939e+02    1.84875e+03    2.66593e+03
     Coulomb-14        LJ (SR)  Disper. corr.   Coulomb (SR)   Coul. recip.
    7.61643e+03    9.22562e+04   -4.44920e+03   -6.31176e+05    3.02406e+03
 Position Rest.      Potential    Kinetic En.   Total Energy  Conserved En.
    4.55358e+02   -5.22210e+05    8.61801e+04   -4.36030e+05   -5.06309e+05
    Temperature Pres. DC (bar) Pressure (bar)   Constr. rmsd
    3.01495e+02   -2.14729e+02   -5.96116e+02    2.58225e-06

           Step           Time
          16500       33.00000

   Energies (kJ/mol)
           Bond          Angle    Proper Dih. Ryckaert-Bell.          LJ-14
    1.44481e+03    3.76427e+03    2.44029e+02    1.89705e+03    2.64370e+03
     Coulomb-14        LJ (SR)  Disper. corr.   Coulomb (SR)   Coul. recip.
    7.68368e+03    9.13825e+04   -4.44920e+03   -6.30553e+05    3.00344e+03
 Position Rest.      Potential    Kinetic En.   Total Energy  Conserved En.
    4.86536e+02   -5.22453e+05    8.61110e+04   -4.36342e+05   -5.06343e+05
    Temperature Pres. DC (bar) Pressure (bar)   Constr. rmsd
    3.01253e+02   -2.14729e+02   -7.51853e+02    3.26203e-06

           Step           Time
          17000       34.00000

   Energies (kJ/mol)
           Bond          Angle    Proper Dih. Ryckaert-Bell.          LJ-14
    1.49781e+03    3.93652e+03    2.78823e+02    1.87741e+03    2.62842e+03
     Coulomb-14        LJ (SR)  Disper. corr.   Coulomb (SR)   Coul. recip.
    7.75364e+03    9.09551e+04   -4.44920e+03   -6.29992e+05    2.97972e+03
 Position Rest.      Potential    Kinetic En.   Total Energy  Conserved En.
    4.75529e+02   -5.22059e+05    8.63182e+04   -4.35740e+05   -5.06330e+05
    Temperature Pres. DC (bar) Pressure (bar)   Constr. rmsd
    3.01978e+02   -2.14729e+02   -8.81361e+02    3.22188e-06

           Step           Time
          17500       35.00000

   Energies (kJ/mol)
           Bond          Angle    Proper Dih. Ryckaert-Bell.          LJ-14
    1.55325e+03    3.69951e+03    2.48484e+02    1.76059e+03    2.73897e+03
     Coulomb-14        LJ (SR)  Disper. corr.   Coulomb (SR)   Coul. recip.
    7.73723e+03    9.12733e+04   -4.44920e+03   -6.30818e+05    2.99301e+03
 Position Rest.      Potential    Kinetic En.   Total Energy  Conserved En.
    4.71160e+02   -5.22792e+05    8.67024e+04   -4.36090e+05   -5.06325e+05
    Temperature Pres. DC (bar) Pressure (bar)   Constr. rmsd
    3.03322e+02   -2.14729e+02   -5.20112e+02    3.42363e-06

           Step           Time
          18000       36.00000

   Energies (kJ/mol)
           Bond          Angle    Proper Dih. Ryckaert-Bell.          LJ-14
    1.41833e+03    3.82901e+03    2.47413e+02    1.78851e+03    2.68110e+03
     Coulomb-14        LJ (SR)  Disper. corr.   Coulomb (SR)   Coul. recip.
    7.66364e+03    9.28189e+04   -4.44920e+03   -6.33342e+05    2.99604e+03
 Position Rest.      Potential    Kinetic En.   Total Energy  Conserved En.
    4.73510e+02   -5.23875e+05    8.59009e+04   -4.37974e+05   -5.06340e+05
    Temperature Pres. DC (bar) Pressure (bar)   Constr. rmsd
    3.00518e+02   -2.14729e+02   -3.23890e+02    3.12337e-06

           Step           Time
          18500       37.00000

   Energies (kJ/mol)
           Bond          Angle    Proper Dih. Ryckaert-Bell.          LJ-14
    1.43919e+03    3.69304e+03    2.20291e+02    1.79230e+03    2.68715e+03
     Coulomb-14        LJ (SR)  Disper. corr.   Coulomb (SR)   Coul. recip.
    7.59892e+03    9.15741e+04   -4.44920e+03   -6.31241e+05    2.99782e+03
 Position Rest.      Potential    Kinetic En.   Total Energy  Conserved En.
    4.56880e+02   -5.23230e+05    8.60356e+04   -4.37195e+05   -5.06356e+05
    Temperature Pres. DC (bar) Pressure (bar)   Constr. rmsd
    3.00989e+02   -2.14729e+02   -4.34739e+02    2.81070e-06

           Step           Time
          19000       38.00000

   Energies (kJ/mol)
           Bond          Angle    Proper Dih. Ryckaert-Bell.          LJ-14
    1.44598e+03    3.92690e+03    2.18626e+02    1.82931e+03    2.65574e+03
     Coulomb-14        LJ (SR)  Disper. corr.   Coulomb (SR)   Coul. recip.
    7.71462e+03    9.24514e+04   -4.44920e+03   -6.32982e+05    2.99289e+03
 Position Rest.      Potential    Kinetic En.   Total Energy  Conserved En.
    4.88368e+02   -5.23708e+05    8.57472e+04   -4.37961e+05   -5.06328e+05
    Temperature Pres. DC (bar) Pressure (bar)   Constr. rmsd
    2.99980e+02   -2.14729e+02   -5.66970e+02    2.78572e-06

           Step           Time
          19500       39.00000

   Energies (kJ/mol)
           Bond          Angle    Proper Dih. Ryckaert-Bell.          LJ-14
    1.46129e+03    3.70970e+03    2.38983e+02    1.77611e+03    2.60527e+03
     Coulomb-14        LJ (SR)  Disper. corr.   Coulomb (SR)   Coul. recip.
    7.73370e+03    9.18075e+04   -4.44920e+03   -6.32171e+05    3.09865e+03
 Position Rest.      Potential    Kinetic En.   Total Energy  Conserved En.
    4.72457e+02   -5.23716e+05    8.53850e+04   -4.38331e+05   -5.06348e+05
    Temperature Pres. DC (bar) Pressure (bar)   Constr. rmsd
    2.98713e+02   -2.14729e+02   -7.86067e+02    3.03600e-06

           Step           Time
          20000       40.00000

   Energies (kJ/mol)
           Bond          Angle    Proper Dih. Ryckaert-Bell.          LJ-14
    1.41860e+03    3.81625e+03    2.23075e+02    1.80034e+03    2.63438e+03
     Coulomb-14        LJ (SR)  Disper. corr.   Coulomb (SR)   Coul. recip.
    7.81036e+03    9.28575e+04   -4.44920e+03   -6.32970e+05    3.07104e+03
 Position Rest.      Potential    Kinetic En.   Total Energy  Conserved En.
    4.74310e+02   -5.23313e+05    8.59367e+04   -4.37377e+05   -5.06356e+05
    Temperature Pres. DC (bar) Pressure (bar)   Constr. rmsd
    3.00643e+02   -2.14729e+02   -6.33732e+02    2.80505e-06

           Step           Time
          20500       41.00000

   Energies (kJ/mol)
           Bond          Angle    Proper Dih. Ryckaert-Bell.          LJ-14
    1.51636e+03    3.79688e+03    2.52103e+02    1.84007e+03    2.67741e+03
     Coulomb-14        LJ (SR)  Disper. corr.   Coulomb (SR)   Coul. recip.
    7.78189e+03    9.19294e+04   -4.44920e+03   -6.31610e+05    2.96714e+03
 Position Rest.      Potential    Kinetic En.   Total Energy  Conserved En.
    4.78175e+02   -5.22820e+05    8.60019e+04   -4.36818e+05   -5.06349e+05
    Temperature Pres. DC (bar) Pressure (bar)   Constr. rmsd
    3.00871e+02   -2.14729e+02   -2.37787e+02    3.10924e-06

           Step           Time
          21000       42.00000

   Energies (kJ/mol)
           Bond          Angle    Proper Dih. Ryckaert-Bell.          LJ-14
    1.43929e+03    3.78076e+03    2.50938e+02    1.85361e+03    2.69011e+03
     Coulomb-14        LJ (SR)  Disper. corr.   Coulomb (SR)   Coul. recip.
    7.72925e+03    9.23508e+04   -4.44920e+03   -6.31680e+05    2.92593e+03
 Position Rest.      Potential    Kinetic En.   Total Energy  Conserved En.
    4.61961e+02   -5.22647e+05    8.53930e+04   -4.37254e+05   -5.06345e+05
    Temperature Pres. DC (bar) Pressure (bar)   Constr. rmsd
    2.98741e+02   -2.14729e+02   -2.64730e+02    2.77888e-06

           Step           Time
          21500       43.00000

   Energies (kJ/mol)
           Bond          Angle    Proper Dih. Ryckaert-Bell.          LJ-14
    1.47026e+03    3.75177e+03    2.49939e+02    1.86715e+03    2.63043e+03
     Coulomb-14        LJ (SR)  Disper. corr.   Coulomb (SR)   Coul. recip.
    7.76009e+03    9.28418e+04   -4.44920e+03   -6.31243e+05    3.03123e+03
 Position Rest.      Potential    Kinetic En.   Total Energy  Conserved En.
    4.95940e+02   -5.21593e+05    8.54869e+04   -4.36106e+05   -5.06348e+05
    Temperature Pres. DC (bar) Pressure (bar)   Constr. rmsd
    2.99069e+02   -2.14729e+02   -5.86192e+02    2.96569e-06

           Step           Time
          22000       44.00000

   Energies (kJ/mol)
           Bond          Angle    Proper Dih. Ryckaert-Bell.          LJ-14
    1.43228e+03    3.79592e+03    2.20847e+02    1.84727e+03    2.72700e+03
     Coulomb-14        LJ (SR)  Disper. corr.   Coulomb (SR)   Coul. recip.
    7.69462e+03    9.22683e+04   -4.44920e+03   -6.31946e+05    3.04794e+03
 Position Rest.      Potential    Kinetic En.   Total Energy  Conserved En.
    5.04517e+02   -5.22857e+05    8.56142e+04   -4.37243e+05   -5.06361e+05
    Temperature Pres. DC (bar) Pressure (bar)   Constr. rmsd
    2.99515e+02   -2.14729e+02   -5.54229e+02    2.76855e-06

           Step           Time
          22500       45.00000

   Energies (kJ/mol)
           Bond          Angle    Proper Dih. Ryckaert-Bell.          LJ-14
    1.49809e+03    3.52396e+03    2.54761e+02    1.72987e+03    2.64634e+03
     Coulomb-14        LJ (SR)  Disper. corr.   Coulomb (SR)   Coul. recip.
    7.73121e+03    9.18120e+04   -4.44920e+03   -6.31598e+05    2.98542e+03
 Position Rest.      Potential    Kinetic En.   Total Energy  Conserved En.
    5.15644e+02   -5.23350e+05    8.51731e+04   -4.38177e+05   -5.06383e+05
    Temperature Pres. DC (bar) Pressure (bar)   Constr. rmsd
    2.97972e+02   -2.14729e+02   -5.03759e+02    3.01284e-06

           Step           Time
          23000       46.00000

   Energies (kJ/mol)
           Bond          Angle    Proper Dih. Ryckaert-Bell.          LJ-14
    1.45836e+03    3.76561e+03    2.77292e+02    1.85243e+03    2.67895e+03
     Coulomb-14        LJ (SR)  Disper. corr.   Coulomb (SR)   Coul. recip.
    7.67209e+03    9.19352e+04   -4.44920e+03   -6.31503e+05    2.92738e+03
 Position Rest.      Potential    Kinetic En.   Total Energy  Conserved En.
    4.79080e+02   -5.22906e+05    8.60242e+04   -4.36881e+05   -5.06363e+05
    Temperature Pres. DC (bar) Pressure (bar)   Constr. rmsd
    3.00949e+02   -2.14729e+02   -5.49564e+02    3.06216e-06

           Step           Time
          23500       47.00000

   Energies (kJ/mol)
           Bond          Angle    Proper Dih. Ryckaert-Bell.          LJ-14
    1.47966e+03    3.64718e+03    2.18806e+02    1.87923e+03    2.70954e+03
     Coulomb-14        LJ (SR)  Disper. corr.   Coulomb (SR)   Coul. recip.
    7.70957e+03    9.04924e+04   -4.44920e+03   -6.29748e+05    2.99795e+03
 Position Rest.      Potential    Kinetic En.   Total Energy  Conserved En.
    4.50545e+02   -5.22613e+05    8.60934e+04   -4.36519e+05   -5.06380e+05
    Temperature Pres. DC (bar) Pressure (bar)   Constr. rmsd
    3.01191e+02   -2.14729e+02   -9.31735e+02    2.86523e-06

           Step           Time
          24000       48.00000

   Energies (kJ/mol)
           Bond          Angle    Proper Dih. Ryckaert-Bell.          LJ-14
    1.54251e+03    3.85367e+03    2.57467e+02    1.79299e+03    2.70144e+03
     Coulomb-14        LJ (SR)  Disper. corr.   Coulomb (SR)   Coul. recip.
    7.74781e+03    9.11681e+04   -4.44920e+03   -6.30982e+05    2.95482e+03
 Position Rest.      Potential    Kinetic En.   Total Energy  Conserved En.
    4.78149e+02   -5.22934e+05    8.56373e+04   -4.37297e+05   -5.06364e+05
    Temperature Pres. DC (bar) Pressure (bar)   Constr. rmsd
    2.99596e+02   -2.14729e+02   -6.24610e+02    2.57606e-06

           Step           Time
          24500       49.00000

   Energies (kJ/mol)
           Bond          Angle    Proper Dih. Ryckaert-Bell.          LJ-14
    1.41704e+03    3.73977e+03    2.76366e+02    1.88804e+03    2.73469e+03
     Coulomb-14        LJ (SR)  Disper. corr.   Coulomb (SR)   Coul. recip.
    7.84724e+03    9.24016e+04   -4.44920e+03   -6.32080e+05    3.07044e+03
 Position Rest.      Potential    Kinetic En.   Total Energy  Conserved En.
    5.19130e+02   -5.22635e+05    8.54007e+04   -4.37235e+05   -5.06367e+05
    Temperature Pres. DC (bar) Pressure (bar)   Constr. rmsd
    2.98768e+02   -2.14729e+02   -7.05186e+02    3.06108e-06

           Step           Time
          25000       50.00000

   Energies (kJ/mol)
           Bond          Angle    Proper Dih. Ryckaert-Bell.          LJ-14
    1.39437e+03    3.74183e+03    2.23981e+02    1.81444e+03    2.65557e+03
     Coulomb-14        LJ (SR)  Disper. corr.   Coulomb (SR)   Coul. recip.
    7.67128e+03    9.23236e+04   -4.44920e+03   -6.31022e+05    2.92276e+03
 Position Rest.      Potential    Kinetic En.   Total Energy  Conserved En.
    5.38903e+02   -5.22185e+05    8.48573e+04   -4.37327e+05   -5.06368e+05
    Temperature Pres. DC (bar) Pressure (bar)   Constr. rmsd
    2.96867e+02   -2.14729e+02   -2.23668e+02    2.97739e-06

           Step           Time
          25500       51.00000

   Energies (kJ/mol)
           Bond          Angle    Proper Dih. Ryckaert-Bell.          LJ-14
    1.41328e+03    3.60939e+03    2.27514e+02    1.80765e+03    2.68857e+03
     Coulomb-14        LJ (SR)  Disper. corr.   Coulomb (SR)   Coul. recip.
    7.75775e+03    9.25237e+04   -4.44920e+03   -6.33074e+05    2.95349e+03
 Position Rest.      Potential    Kinetic En.   Total Energy  Conserved En.
    5.39511e+02   -5.24002e+05    8.50855e+04   -4.38916e+05   -5.06372e+05
    Temperature Pres. DC (bar) Pressure (bar)   Constr. rmsd
    2.97665e+02   -2.14729e+02   -5.92398e+02    2.85110e-06

           Step           Time
          26000       52.00000

   Energies (kJ/mol)
           Bond          Angle    Proper Dih. Ryckaert-Bell.          LJ-14
    1.40807e+03    3.80612e+03    2.54126e+02    1.86424e+03    2.68115e+03
     Coulomb-14        LJ (SR)  Disper. corr.   Coulomb (SR)   Coul. recip.
    7.66827e+03    9.17195e+04   -4.44920e+03   -6.31072e+05    2.93355e+03
 Position Rest.      Potential    Kinetic En.   Total Energy  Conserved En.
    5.12371e+02   -5.22674e+05    8.55016e+04   -4.37172e+05   -5.06366e+05
    Temperature Pres. DC (bar) Pressure (bar)   Constr. rmsd
    2.99121e+02   -2.14729e+02   -6.99754e+02    2.99467e-06

           Step           Time
          26500       53.00000

   Energies (kJ/mol)
           Bond          Angle    Proper Dih. Ryckaert-Bell.          LJ-14
    1.44657e+03    3.71852e+03    2.40012e+02    1.88755e+03    2.62272e+03
     Coulomb-14        LJ (SR)  Disper. corr.   Coulomb (SR)   Coul. recip.
    7.60786e+03    9.23801e+04   -4.44920e+03   -6.31708e+05    2.97766e+03
 Position Rest.      Potential    Kinetic En.   Total Energy  Conserved En.
    4.88871e+02   -5.22788e+05    8.55940e+04   -4.37194e+05   -5.06383e+05
    Temperature Pres. DC (bar) Pressure (bar)   Constr. rmsd
    2.99444e+02   -2.14729e+02   -6.26374e+02    2.71995e-06

           Step           Time
          27000       54.00000

   Energies (kJ/mol)
           Bond          Angle    Proper Dih. Ryckaert-Bell.          LJ-14
    1.42366e+03    3.72144e+03    2.74757e+02    1.85899e+03    2.72290e+03
     Coulomb-14        LJ (SR)  Disper. corr.   Coulomb (SR)   Coul. recip.
    7.71584e+03    9.06298e+04   -4.44920e+03   -6.29148e+05    2.94198e+03
 Position Rest.      Potential    Kinetic En.   Total Energy  Conserved En.
    5.61862e+02   -5.21746e+05    8.59549e+04   -4.35791e+05   -5.06390e+05
    Temperature Pres. DC (bar) Pressure (bar)   Constr. rmsd
    3.00707e+02   -2.14729e+02   -4.52977e+02    2.87220e-06

           Step           Time
          27500       55.00000

   Energies (kJ/mol)
           Bond          Angle    Proper Dih. Ryckaert-Bell.          LJ-14
    1.50575e+03    3.62916e+03    2.34519e+02    1.83182e+03    2.66039e+03
     Coulomb-14        LJ (SR)  Disper. corr.   Coulomb (SR)   Coul. recip.
    7.66152e+03    9.28818e+04   -4.44920e+03   -6.31327e+05    3.03986e+03
 Position Rest.      Potential    Kinetic En.   Total Energy  Conserved En.
    5.08246e+02   -5.21823e+05    8.55128e+04   -4.36311e+05   -5.06390e+05
    Temperature Pres. DC (bar) Pressure (bar)   Constr. rmsd
    2.99160e+02   -2.14729e+02   -6.33455e+02    2.92984e-06

           Step           Time
          28000       56.00000

   Energies (kJ/mol)
           Bond          Angle    Proper Dih. Ryckaert-Bell.          LJ-14
    1.43586e+03    3.70855e+03    2.09653e+02    1.82180e+03    2.67576e+03
     Coulomb-14        LJ (SR)  Disper. corr.   Coulomb (SR)   Coul. recip.
    7.78554e+03    9.22153e+04   -4.44920e+03   -6.31787e+05    2.97135e+03
 Position Rest.      Potential    Kinetic En.   Total Energy  Conserved En.
    4.85706e+02   -5.22927e+05    8.63037e+04   -4.36623e+05   -5.06412e+05
    Temperature Pres. DC (bar) Pressure (bar)   Constr. rmsd
    3.01927e+02   -2.14729e+02   -4.08165e+02    2.97444e-06

           Step           Time
          28500       57.00000

   Energies (kJ/mol)
           Bond          Angle    Proper Dih. Ryckaert-Bell.          LJ-14
    1.46754e+03    3.65052e+03    2.49265e+02    1.81758e+03    2.67541e+03
     Coulomb-14        LJ (SR)  Disper. corr.   Coulomb (SR)   Coul. recip.
    7.75772e+03    9.19848e+04   -4.44920e+03   -6.30612e+05    3.01299e+03
 Position Rest.      Potential    Kinetic En.   Total Energy  Conserved En.
    5.47672e+02   -5.21897e+05    8.54489e+04   -4.36448e+05   -5.06384e+05
    Temperature Pres. DC (bar) Pressure (bar)   Constr. rmsd
    2.98937e+02   -2.14729e+02   -5.92467e+02    2.83288e-06

           Step           Time
          29000       58.00000

   Energies (kJ/mol)
           Bond          Angle    Proper Dih. Ryckaert-Bell.          LJ-14
    1.54249e+03    3.94626e+03    2.60361e+02    1.83207e+03    2.65766e+03
     Coulomb-14        LJ (SR)  Disper. corr.   Coulomb (SR)   Coul. recip.
    7.67725e+03    9.06192e+04   -4.44920e+03   -6.28879e+05    3.10780e+03
 Position Rest.      Potential    Kinetic En.   Total Energy  Conserved En.
    5.36152e+02   -5.21149e+05    8.57331e+04   -4.35416e+05   -5.06373e+05
    Temperature Pres. DC (bar) Pressure (bar)   Constr. rmsd
    2.99931e+02   -2.14729e+02   -5.04919e+02    2.72343e-06

           Step           Time
          29500       59.00000

   Energies (kJ/mol)
           Bond          Angle    Proper Dih. Ryckaert-Bell.          LJ-14
    1.39420e+03    3.75916e+03    2.60551e+02    1.79932e+03    2.75476e+03
     Coulomb-14        LJ (SR)  Disper. corr.   Coulomb (SR)   Coul. recip.
    7.74524e+03    9.08200e+04   -4.44920e+03   -6.29237e+05    2.93589e+03
 Position Rest.      Potential    Kinetic En.   Total Energy  Conserved En.
    4.67484e+02   -5.21750e+05    8.53999e+04   -4.36350e+05   -5.06409e+05
    Temperature Pres. DC (bar) Pressure (bar)   Constr. rmsd
    2.98765e+02   -2.14729e+02   -5.13579e+02    3.13290e-06

           Step           Time
          30000       60.00000

   Energies (kJ/mol)
           Bond          Angle    Proper Dih. Ryckaert-Bell.          LJ-14
    1.40671e+03    3.71754e+03    2.54603e+02    1.87204e+03    2.73745e+03
     Coulomb-14        LJ (SR)  Disper. corr.   Coulomb (SR)   Coul. recip.
    7.78342e+03    9.23416e+04   -4.44920e+03   -6.31383e+05    3.06546e+03
 Position Rest.      Potential    Kinetic En.   Total Energy  Conserved En.
    4.89224e+02   -5.22164e+05    8.61056e+04   -4.36058e+05   -5.06418e+05
    Temperature Pres. DC (bar) Pressure (bar)   Constr. rmsd
    3.01234e+02   -2.14729e+02   -5.41730e+02    2.86306e-06

           Step           Time
          30500       61.00000

   Energies (kJ/mol)
           Bond          Angle    Proper Dih. Ryckaert-Bell.          LJ-14
    1.43494e+03    3.73299e+03    2.45982e+02    1.99185e+03    2.72712e+03
     Coulomb-14        LJ (SR)  Disper. corr.   Coulomb (SR)   Coul. recip.
    7.77213e+03    9.19118e+04   -4.44920e+03   -6.30001e+05    2.99770e+03
 Position Rest.      Potential    Kinetic En.   Total Energy  Conserved En.
    5.23209e+02   -5.21112e+05    8.60301e+04   -4.35082e+05   -5.06408e+05
    Temperature Pres. DC (bar) Pressure (bar)   Constr. rmsd
    3.00970e+02   -2.14729e+02   -2.23769e+02    2.67177e-06

           Step           Time
          31000       62.00000

   Energies (kJ/mol)
           Bond          Angle    Proper Dih. Ryckaert-Bell.          LJ-14
    1.42243e+03    3.85965e+03    2.25037e+02    1.86213e+03    2.71776e+03
     Coulomb-14        LJ (SR)  Disper. corr.   Coulomb (SR)   Coul. recip.
    7.78739e+03    9.22699e+04   -4.44920e+03   -6.30946e+05    3.05388e+03
 Position Rest.      Potential    Kinetic En.   Total Energy  Conserved En.
    5.02877e+02   -5.21694e+05    8.58364e+04   -4.35858e+05   -5.06398e+05
    Temperature Pres. DC (bar) Pressure (bar)   Constr. rmsd
    3.00292e+02   -2.14729e+02   -3.44527e+02    2.98087e-06

           Step           Time
          31500       63.00000

   Energies (kJ/mol)
           Bond          Angle    Proper Dih. Ryckaert-Bell.          LJ-14
    1.53454e+03    3.58493e+03    2.47689e+02    1.83849e+03    2.68678e+03
     Coulomb-14        LJ (SR)  Disper. corr.   Coulomb (SR)   Coul. recip.
    7.69249e+03    9.23178e+04   -4.44920e+03   -6.31530e+05    2.99108e+03
 Position Rest.      Potential    Kinetic En.   Total Energy  Conserved En.
    5.47073e+02   -5.22538e+05    8.63665e+04   -4.36171e+05   -5.06427e+05
    Temperature Pres. DC (bar) Pressure (bar)   Constr. rmsd
    3.02147e+02   -2.14729e+02   -6.29706e+02    2.79903e-06

           Step           Time
          32000       64.00000

   Energies (kJ/mol)
           Bond          Angle    Proper Dih. Ryckaert-Bell.          LJ-14
    1.44536e+03    3.82730e+03    2.40887e+02    1.86614e+03    2.68341e+03
     Coulomb-14        LJ (SR)  Disper. corr.   Coulomb (SR)   Coul. recip.
    7.79021e+03    9.12219e+04   -4.44920e+03   -6.30455e+05    2.99563e+03
 Position Rest.      Potential    Kinetic En.   Total Energy  Conserved En.
    4.70633e+02   -5.22363e+05    8.62604e+04   -4.36103e+05   -5.06438e+05
    Temperature Pres. DC (bar) Pressure (bar)   Constr. rmsd
    3.01776e+02   -2.14729e+02   -4.59266e+02    2.73236e-06

           Step           Time
          32500       65.00000

   Energies (kJ/mol)
           Bond          Angle    Proper Dih. Ryckaert-Bell.          LJ-14
    1.56592e+03    3.67705e+03    2.48434e+02    1.84851e+03    2.74045e+03
     Coulomb-14        LJ (SR)  Disper. corr.   Coulomb (SR)   Coul. recip.
    7.82475e+03    9.13795e+04   -4.44920e+03   -6.30870e+05    3.01610e+03
 Position Rest.      Potential    Kinetic En.   Total Energy  Conserved En.
    4.99989e+02   -5.22519e+05    8.56327e+04   -4.36886e+05   -5.06408e+05
    Temperature Pres. DC (bar) Pressure (bar)   Constr. rmsd
    2.99580e+02   -2.14729e+02   -3.48890e+02    3.29150e-06

           Step           Time
          33000       66.00000

   Energies (kJ/mol)
           Bond          Angle    Proper Dih. Ryckaert-Bell.          LJ-14
    1.25354e+03    3.72442e+03    2.46665e+02    1.77169e+03    2.68787e+03
     Coulomb-14        LJ (SR)  Disper. corr.   Coulomb (SR)   Coul. recip.
    7.81311e+03    9.18328e+04   -4.44920e+03   -6.31414e+05    3.01752e+03
 Position Rest.      Potential    Kinetic En.   Total Energy  Conserved En.
    5.10425e+02   -5.23005e+05    8.49830e+04   -4.38022e+05   -5.06434e+05
    Temperature Pres. DC (bar) Pressure (bar)   Constr. rmsd
    2.97306e+02   -2.14729e+02   -3.81347e+02    2.86319e-06

           Step           Time
          33500       67.00000

   Energies (kJ/mol)
           Bond          Angle    Proper Dih. Ryckaert-Bell.          LJ-14
    1.43775e+03    3.76529e+03    2.42606e+02    1.80245e+03    2.76425e+03
     Coulomb-14        LJ (SR)  Disper. corr.   Coulomb (SR)   Coul. recip.
    7.71538e+03    9.14812e+04   -4.44920e+03   -6.30636e+05    3.03307e+03
 Position Rest.      Potential    Kinetic En.   Total Energy  Conserved En.
    4.86150e+02   -5.22357e+05    8.64394e+04   -4.35918e+05   -5.06440e+05
    Temperature Pres. DC (bar) Pressure (bar)   Constr. rmsd
    3.02402e+02   -2.14729e+02   -4.78053e+02    3.04890e-06

           Step           Time
          34000       68.00000

   Energies (kJ/mol)
           Bond          Angle    Proper Dih. Ryckaert-Bell.          LJ-14
    1.61564e+03    3.66959e+03    2.77989e+02    1.89059e+03    2.62042e+03
     Coulomb-14        LJ (SR)  Disper. corr.   Coulomb (SR)   Coul. recip.
    7.77662e+03    9.29094e+04   -4.44920e+03   -6.32118e+05    3.03205e+03
 Position Rest.      Potential    Kinetic En.   Total Energy  Conserved En.
    5.13300e+02   -5.22261e+05    8.53812e+04   -4.36880e+05   -5.06413e+05
    Temperature Pres. DC (bar) Pressure (bar)   Constr. rmsd
    2.98700e+02   -2.14729e+02   -1.92631e+02    2.68668e-06

           Step           Time
          34500       69.00000

   Energies (kJ/mol)
           Bond          Angle    Proper Dih. Ryckaert-Bell.          LJ-14
    1.42561e+03    3.71327e+03    2.21040e+02    1.81593e+03    2.62820e+03
     Coulomb-14        LJ (SR)  Disper. corr.   Coulomb (SR)   Coul. recip.
    7.77566e+03    9.10782e+04   -4.44920e+03   -6.30342e+05    3.04158e+03
 Position Rest.      Potential    Kinetic En.   Total Energy  Conserved En.
    5.17407e+02   -5.22574e+05    8.61779e+04   -4.36396e+05   -5.06445e+05
    Temperature Pres. DC (bar) Pressure (bar)   Constr. rmsd
    3.01487e+02   -2.14729e+02   -6.34078e+02    2.68635e-06

           Step           Time
          35000       70.00000

   Energies (kJ/mol)
           Bond          Angle    Proper Dih. Ryckaert-Bell.          LJ-14
    1.42652e+03    3.65764e+03    2.62864e+02    1.82903e+03    2.66739e+03
     Coulomb-14        LJ (SR)  Disper. corr.   Coulomb (SR)   Coul. recip.
    7.76514e+03    9.17335e+04   -4.44920e+03   -6.31745e+05    3.06340e+03
 Position Rest.      Potential    Kinetic En.   Total Energy  Conserved En.
    5.17774e+02   -5.23271e+05    8.53886e+04   -4.37883e+05   -5.06443e+05
    Temperature Pres. DC (bar) Pressure (bar)   Constr. rmsd
    2.98726e+02   -2.14729e+02   -7.93581e+02    3.15395e-06

           Step           Time
          35500       71.00000

   Energies (kJ/mol)
           Bond          Angle    Proper Dih. Ryckaert-Bell.          LJ-14
    1.37612e+03    3.85136e+03    2.44228e+02    1.84980e+03    2.70922e+03
     Coulomb-14        LJ (SR)  Disper. corr.   Coulomb (SR)   Coul. recip.
    7.69060e+03    9.22363e+04   -4.44920e+03   -6.31409e+05    2.99736e+03
 Position Rest.      Potential    Kinetic En.   Total Energy  Conserved En.
    5.53336e+02   -5.22350e+05    8.57142e+04   -4.36636e+05   -5.06433e+05
    Temperature Pres. DC (bar) Pressure (bar)   Constr. rmsd
    2.99865e+02   -2.14729e+02   -3.85204e+02    2.67463e-06

           Step           Time
          36000       72.00000

   Energies (kJ/mol)
           Bond          Angle    Proper Dih. Ryckaert-Bell.          LJ-14
    1.37025e+03    3.63625e+03    2.38751e+02    1.80299e+03    2.73018e+03
     Coulomb-14        LJ (SR)  Disper. corr.   Coulomb (SR)   Coul. recip.
    7.79322e+03    9.26938e+04   -4.44920e+03   -6.32667e+05    3.06391e+03
 Position Rest.      Potential    Kinetic En.   Total Energy  Conserved En.
    4.84317e+02   -5.23303e+05    8.58543e+04   -4.37448e+05   -5.06445e+05
    Temperature Pres. DC (bar) Pressure (bar)   Constr. rmsd
    3.00355e+02   -2.14729e+02   -3.35136e+02    2.95095e-06

           Step           Time
          36500       73.00000

   Energies (kJ/mol)
           Bond          Angle    Proper Dih. Ryckaert-Bell.          LJ-14
    1.46560e+03    3.75164e+03    2.81619e+02    1.85066e+03    2.62353e+03
     Coulomb-14        LJ (SR)  Disper. corr.   Coulomb (SR)   Coul. recip.
    7.72606e+03    9.16968e+04   -4.44920e+03   -6.31024e+05    2.93695e+03
 Position Rest.      Potential    Kinetic En.   Total Energy  Conserved En.
    5.11278e+02   -5.22629e+05    8.51913e+04   -4.37437e+05   -5.06447e+05
    Temperature Pres. DC (bar) Pressure (bar)   Constr. rmsd
    2.98035e+02   -2.14729e+02   -7.72489e+02    2.75792e-06

           Step           Time
          37000       74.00000

   Energies (kJ/mol)
           Bond          Angle    Proper Dih. Ryckaert-Bell.          LJ-14
    1.44801e+03    3.77461e+03    2.49289e+02    1.83760e+03    2.75543e+03
     Coulomb-14        LJ (SR)  Disper. corr.   Coulomb (SR)   Coul. recip.
    7.67127e+03    9.18236e+04   -4.44920e+03   -6.31224e+05    3.05434e+03
 Position Rest.      Potential    Kinetic En.   Total Energy  Conserved En.
    5.14608e+02   -5.22544e+05    8.59129e+04   -4.36631e+05   -5.06436e+05
    Temperature Pres. DC (bar) Pressure (bar)   Constr. rmsd
    3.00560e+02   -2.14729e+02   -6.22690e+02    2.73642e-06

           Step           Time
          37500       75.00000

   Energies (kJ/mol)
           Bond          Angle    Proper Dih. Ryckaert-Bell.          LJ-14
    1.46725e+03    3.67211e+03    2.45692e+02    1.95365e+03    2.67804e+03
     Coulomb-14        LJ (SR)  Disper. corr.   Coulomb (SR)   Coul. recip.
    7.76663e+03    9.28229e+04   -4.44920e+03   -6.32316e+05    3.01416e+03
 Position Rest.      Potential    Kinetic En.   Total Energy  Conserved En.
    4.65570e+02   -5.22679e+05    8.68197e+04   -4.35860e+05   -5.06455e+05
    Temperature Pres. DC (bar) Pressure (bar)   Constr. rmsd
    3.03732e+02   -2.14729e+02   -1.69845e+02    3.00020e-06

           Step           Time
          38000       76.00000

   Energies (kJ/mol)
           Bond          Angle    Proper Dih. Ryckaert-Bell.          LJ-14
    1.43453e+03    3.82832e+03    2.43377e+02    1.83009e+03    2.67111e+03
     Coulomb-14        LJ (SR)  Disper. corr.   Coulomb (SR)   Coul. recip.
    7.71065e+03    9.07492e+04   -4.44920e+03   -6.30175e+05    3.08046e+03
 Position Rest.      Potential    Kinetic En.   Total Energy  Conserved En.
    4.90901e+02   -5.22585e+05    8.56475e+04   -4.36938e+05   -5.06462e+05
    Temperature Pres. DC (bar) Pressure (bar)   Constr. rmsd
    2.99631e+02   -2.14729e+02   -6.82950e+02    3.01120e-06

           Step           Time
          38500       77.00000

   Energies (kJ/mol)
           Bond          Angle    Proper Dih. Ryckaert-Bell.          LJ-14
    1.41678e+03    3.69052e+03    2.61850e+02    1.93891e+03    2.69900e+03
     Coulomb-14        LJ (SR)  Disper. corr.   Coulomb (SR)   Coul. recip.
    7.77628e+03    9.21801e+04   -4.44920e+03   -6.30878e+05    2.94017e+03
 Position Rest.      Potential    Kinetic En.   Total Energy  Conserved En.
    5.29426e+02   -5.21894e+05    8.58562e+04   -4.36038e+05   -5.06455e+05
    Temperature Pres. DC (bar) Pressure (bar)   Constr. rmsd
    3.00362e+02   -2.14729e+02   -5.44554e+02    3.09253e-06

           Step           Time
          39000       78.00000

   Energies (kJ/mol)
           Bond          Angle    Proper Dih. Ryckaert-Bell.          LJ-14
    1.49023e+03    3.73605e+03    2.29808e+02    1.86997e+03    2.68318e+03
     Coulomb-14        LJ (SR)  Disper. corr.   Coulomb (SR)   Coul. recip.
    7.77446e+03    9.18866e+04   -4.44920e+03   -6.31079e+05    2.99830e+03
 Position Rest.      Potential    Kinetic En.   Total Energy  Conserved En.
    4.83897e+02   -5.22375e+05    8.49748e+04   -4.37401e+05   -5.06454e+05
    Temperature Pres. DC (bar) Pressure (bar)   Constr. rmsd
    2.97278e+02   -2.14729e+02   -6.94449e+02    2.72829e-06

           Step           Time
          39500       79.00000

   Energies (kJ/mol)
           Bond          Angle    Proper Dih. Ryckaert-Bell.          LJ-14
    1.34925e+03    3.66458e+03    2.60194e+02    1.81542e+03    2.67497e+03
     Coulomb-14        LJ (SR)  Disper. corr.   Coulomb (SR)   Coul. recip.
    7.70651e+03    9.21368e+04   -4.44920e+03   -6.31619e+05    2.97512e+03
 Position Rest.      Potential    Kinetic En.   Total Energy  Conserved En.
    5.20521e+02   -5.22965e+05    8.55746e+04   -4.37390e+05   -5.06471e+05
    Temperature Pres. DC (bar) Pressure (bar)   Constr. rmsd
    2.99376e+02   -2.14729e+02   -7.90633e+02    3.09749e-06

           Step           Time
          40000       80.00000

   Energies (kJ/mol)
           Bond          Angle    Proper Dih. Ryckaert-Bell.          LJ-14
    1.51250e+03    3.70785e+03    2.34446e+02    1.87239e+03    2.71294e+03
     Coulomb-14        LJ (SR)  Disper. corr.   Coulomb (SR)   Coul. recip.
    7.80016e+03    9.04143e+04   -4.44920e+03   -6.28496e+05    3.07915e+03
 Position Rest.      Potential    Kinetic En.   Total Energy  Conserved En.
    5.31228e+02   -5.21081e+05    8.58953e+04   -4.35185e+05   -5.06464e+05
    Temperature Pres. DC (bar) Pressure (bar)   Constr. rmsd
    3.00498e+02   -2.14729e+02   -6.28274e+02    2.99069e-06

           Step           Time
          40500       81.00000

   Energies (kJ/mol)
           Bond          Angle    Proper Dih. Ryckaert-Bell.          LJ-14
    1.51831e+03    3.83098e+03    2.72405e+02    1.76749e+03    2.66073e+03
     Coulomb-14        LJ (SR)  Disper. corr.   Coulomb (SR)   Coul. recip.
    7.72276e+03    9.05059e+04   -4.44920e+03   -6.28229e+05    3.09778e+03
 Position Rest.      Potential    Kinetic En.   Total Energy  Conserved En.
    4.67571e+02   -5.20835e+05    8.58498e+04   -4.34985e+05   -5.06462e+05
    Temperature Pres. DC (bar) Pressure (bar)   Constr. rmsd
    3.00339e+02   -2.14729e+02   -7.01723e+02    2.95043e-06

           Step           Time
          41000       82.00000

   Energies (kJ/mol)
           Bond          Angle    Proper Dih. Ryckaert-Bell.          LJ-14
    1.53902e+03    3.83027e+03    2.53038e+02    1.83804e+03    2.65097e+03
     Coulomb-14        LJ (SR)  Disper. corr.   Coulomb (SR)   Coul. recip.
    7.64013e+03    9.02527e+04   -4.44920e+03   -6.28531e+05    3.00027e+03
 Position Rest.      Potential    Kinetic En.   Total Energy  Conserved En.
    5.26949e+02   -5.21448e+05    8.64610e+04   -4.34987e+05   -5.06468e+05
    Temperature Pres. DC (bar) Pressure (bar)   Constr. rmsd
    3.02477e+02   -2.14729e+02   -9.30339e+02    3.38139e-06

           Step           Time
          41500       83.00000

   Energies (kJ/mol)
           Bond          Angle    Proper Dih. Ryckaert-Bell.          LJ-14
    1.38683e+03    3.61513e+03    2.31842e+02    1.77294e+03    2.69148e+03
     Coulomb-14        LJ (SR)  Disper. corr.   Coulomb (SR)   Coul. recip.
    7.72852e+03    9.27855e+04   -4.44920e+03   -6.32618e+05    2.95984e+03
 Position Rest.      Potential    Kinetic En.   Total Energy  Conserved En.
    5.01637e+02   -5.23393e+05    8.52063e+04   -4.38187e+05   -5.06493e+05
    Temperature Pres. DC (bar) Pressure (bar)   Constr. rmsd
    2.98088e+02   -2.14729e+02   -4.33076e+02    2.83855e-06

           Step           Time
          42000       84.00000

   Energies (kJ/mol)
           Bond          Angle    Proper Dih. Ryckaert-Bell.          LJ-14
    1.45943e+03    3.84767e+03    2.63948e+02    1.97429e+03    2.66777e+03
     Coulomb-14        LJ (SR)  Disper. corr.   Coulomb (SR)   Coul. recip.
    7.71003e+03    9.12880e+04   -4.44920e+03   -6.28701e+05    3.00233e+03
 Position Rest.      Potential    Kinetic En.   Total Energy  Conserved En.
    4.69879e+02   -5.20467e+05    8.66001e+04   -4.33867e+05   -5.06487e+05
    Temperature Pres. DC (bar) Pressure (bar)   Constr. rmsd
    3.02964e+02   -2.14729e+02   -6.44827e+02    3.03575e-06

           Step           Time
          42500       85.00000

   Energies (kJ/mol)
           Bond          Angle    Proper Dih. Ryckaert-Bell.          LJ-14
    1.42707e+03    3.74936e+03    2.10177e+02    1.82098e+03    2.73054e+03
     Coulomb-14        LJ (SR)  Disper. corr.   Coulomb (SR)   Coul. recip.
    7.74545e+03    9.17855e+04   -4.44920e+03   -6.30493e+05    3.08395e+03
 Position Rest.      Potential    Kinetic En.   Total Energy  Conserved En.
    5.17283e+02   -5.21871e+05    8.65977e+04   -4.35274e+05   -5.06491e+05
    Temperature Pres. DC (bar) Pressure (bar)   Constr. rmsd
    3.02956e+02   -2.14729e+02   -6.74501e+02    2.80876e-06

           Step           Time
          43000       86.00000

   Energies (kJ/mol)
           Bond          Angle    Proper Dih. Ryckaert-Bell.          LJ-14
    1.42866e+03    3.77865e+03    2.46741e+02    1.79751e+03    2.64075e+03
     Coulomb-14        LJ (SR)  Disper. corr.   Coulomb (SR)   Coul. recip.
    7.75011e+03    9.13203e+04   -4.44920e+03   -6.30834e+05    3.04317e+03
 Position Rest.      Potential    Kinetic En.   Total Energy  Conserved En.
    5.43770e+02   -5.22734e+05    8.54083e+04   -4.37326e+05   -5.06473e+05
    Temperature Pres. DC (bar) Pressure (bar)   Constr. rmsd
    2.98795e+02   -2.14729e+02   -9.12947e+02    2.85563e-06

           Step           Time
          43500       87.00000

   Energies (kJ/mol)
           Bond          Angle    Proper Dih. Ryckaert-Bell.          LJ-14
    1.39180e+03    3.78688e+03    2.50306e+02    1.76629e+03    2.72401e+03
     Coulomb-14        LJ (SR)  Disper. corr.   Coulomb (SR)   Coul. recip.
    7.76477e+03    9.08754e+04   -4.44920e+03   -6.30288e+05    3.09732e+03
 Position Rest.      Potential    Kinetic En.   Total Energy  Conserved En.
    5.39729e+02   -5.22541e+05    8.59743e+04   -4.36566e+05   -5.06510e+05
    Temperature Pres. DC (bar) Pressure (bar)   Constr. rmsd
    3.00775e+02   -2.14729e+02   -9.63961e+02    3.07145e-06

           Step           Time
          44000       88.00000

   Energies (kJ/mol)
           Bond          Angle    Proper Dih. Ryckaert-Bell.          LJ-14
    1.44982e+03    3.55996e+03    2.39997e+02    1.80140e+03    2.73606e+03
     Coulomb-14        LJ (SR)  Disper. corr.   Coulomb (SR)   Coul. recip.
    7.71524e+03    9.25164e+04   -4.44920e+03   -6.31297e+05    3.10519e+03
 Position Rest.      Potential    Kinetic En.   Total Energy  Conserved En.
    5.17918e+02   -5.22104e+05    8.53073e+04   -4.36796e+05   -5.06508e+05
    Temperature Pres. DC (bar) Pressure (bar)   Constr. rmsd
    2.98441e+02   -2.14729e+02   -4.85371e+02    3.09824e-06

           Step           Time
          44500       89.00000

   Energies (kJ/mol)
           Bond          Angle    Proper Dih. Ryckaert-Bell.          LJ-14
    1.45543e+03    3.75734e+03    2.45982e+02    2.01827e+03    2.60325e+03
     Coulomb-14        LJ (SR)  Disper. corr.   Coulomb (SR)   Coul. recip.
    7.68586e+03    9.24813e+04   -4.44920e+03   -6.31521e+05    3.03532e+03
 Position Rest.      Potential    Kinetic En.   Total Energy  Conserved En.
    5.22902e+02   -5.22165e+05    8.51798e+04   -4.36985e+05   -5.06501e+05
    Temperature Pres. DC (bar) Pressure (bar)   Constr. rmsd
    2.97995e+02   -2.14729e+02   -4.03346e+02    2.74799e-06

           Step           Time
          45000       90.00000

   Energies (kJ/mol)
           Bond          Angle    Proper Dih. Ryckaert-Bell.          LJ-14
    1.55960e+03    3.70023e+03    2.33371e+02    1.79101e+03    2.60679e+03
     Coulomb-14        LJ (SR)  Disper. corr.   Coulomb (SR)   Coul. recip.
    7.69985e+03    9.09094e+04   -4.44920e+03   -6.29906e+05    2.93479e+03
 Position Rest.      Potential    Kinetic En.   Total Energy  Conserved En.
    4.84583e+02   -5.22435e+05    8.60700e+04   -4.36365e+05   -5.06510e+05
    Temperature Pres. DC (bar) Pressure (bar)   Constr. rmsd
    3.01109e+02   -2.14729e+02   -8.29225e+02    2.43321e-06

           Step           Time
          45500       91.00000

   Energies (kJ/mol)
           Bond          Angle    Proper Dih. Ryckaert-Bell.          LJ-14
    1.44494e+03    3.79193e+03    2.29136e+02    1.89572e+03    2.62883e+03
     Coulomb-14        LJ (SR)  Disper. corr.   Coulomb (SR)   Coul. recip.
    7.75159e+03    9.22266e+04   -4.44920e+03   -6.31427e+05    3.05199e+03
 Position Rest.      Potential    Kinetic En.   Total Energy  Conserved En.
    4.94756e+02   -5.22360e+05    8.55165e+04   -4.36844e+05   -5.06505e+05
    Temperature Pres. DC (bar) Pressure (bar)   Constr. rmsd
    2.99173e+02   -2.14729e+02   -5.61958e+02    3.07682e-06

           Step           Time
          46000       92.00000

   Energies (kJ/mol)
           Bond          Angle    Proper Dih. Ryckaert-Bell.          LJ-14
    1.47046e+03    3.77607e+03    2.62806e+02    1.79679e+03    2.65647e+03
     Coulomb-14        LJ (SR)  Disper. corr.   Coulomb (SR)   Coul. recip.
    7.66589e+03    9.17114e+04   -4.44920e+03   -6.30885e+05    2.98830e+03
 Position Rest.      Potential    Kinetic En.   Total Energy  Conserved En.
    5.01764e+02   -5.22504e+05    8.58383e+04   -4.36666e+05   -5.06507e+05
    Temperature Pres. DC (bar) Pressure (bar)   Constr. rmsd
    3.00299e+02   -2.14729e+02   -5.44202e+02    2.89599e-06

           Step           Time
          46500       93.00000

   Energies (kJ/mol)
           Bond          Angle    Proper Dih. Ryckaert-Bell.          LJ-14
    1.35890e+03    3.59997e+03    2.46438e+02    1.84079e+03    2.66782e+03
     Coulomb-14        LJ (SR)  Disper. corr.   Coulomb (SR)   Coul. recip.
    7.67621e+03    9.37250e+04   -4.44920e+03   -6.34978e+05    2.96370e+03
 Position Rest.      Potential    Kinetic En.   Total Energy  Conserved En.
    5.16013e+02   -5.24833e+05    8.57106e+04   -4.39122e+05   -5.06523e+05
    Temperature Pres. DC (bar) Pressure (bar)   Constr. rmsd
    2.99852e+02   -2.14729e+02   -2.43560e+02    2.95863e-06

           Step           Time
          47000       94.00000

   Energies (kJ/mol)
           Bond          Angle    Proper Dih. Ryckaert-Bell.          LJ-14
    1.42979e+03    3.82045e+03    2.50404e+02    1.80068e+03    2.71092e+03
     Coulomb-14        LJ (SR)  Disper. corr.   Coulomb (SR)   Coul. recip.
    7.82894e+03    9.20276e+04   -4.44920e+03   -6.31616e+05    3.03353e+03
 Position Rest.      Potential    Kinetic En.   Total Energy  Conserved En.
    5.72866e+02   -5.22590e+05    8.63785e+04   -4.36212e+05   -5.06534e+05
    Temperature Pres. DC (bar) Pressure (bar)   Constr. rmsd
    3.02189e+02   -2.14729e+02   -2.10684e+02    2.98960e-06

           Step           Time
          47500       95.00000

   Energies (kJ/mol)
           Bond          Angle    Proper Dih. Ryckaert-Bell.          LJ-14
    1.49561e+03    3.88876e+03    2.54785e+02    1.85433e+03    2.72761e+03
     Coulomb-14        LJ (SR)  Disper. corr.   Coulomb (SR)   Coul. recip.
    7.76631e+03    9.28943e+04   -4.44920e+03   -6.33603e+05    3.00981e+03
 Position Rest.      Potential    Kinetic En.   Total Energy  Conserved En.
    5.44814e+02   -5.23616e+05    8.60441e+04   -4.37572e+05   -5.06510e+05
    Temperature Pres. DC (bar) Pressure (bar)   Constr. rmsd
    3.01019e+02   -2.14729e+02   -1.34868e+02    2.88910e-06

           Step           Time
          48000       96.00000

   Energies (kJ/mol)
           Bond          Angle    Proper Dih. Ryckaert-Bell.          LJ-14
    1.40979e+03    3.85601e+03    2.24764e+02    1.80379e+03    2.69759e+03
     Coulomb-14        LJ (SR)  Disper. corr.   Coulomb (SR)   Coul. recip.
    7.68567e+03    9.20420e+04   -4.44920e+03   -6.31213e+05    3.08569e+03
 Position Rest.      Potential    Kinetic En.   Total Energy  Conserved En.
    5.36623e+02   -5.22320e+05    8.64459e+04   -4.35874e+05   -5.06525e+05
    Temperature Pres. DC (bar) Pressure (bar)   Constr. rmsd
    3.02424e+02   -2.14729e+02   -4.66118e+02    3.00382e-06

           Step           Time
          48500       97.00000

   Energies (kJ/mol)
           Bond          Angle    Proper Dih. Ryckaert-Bell.          LJ-14
    1.39766e+03    3.77020e+03    2.56027e+02    1.90806e+03    2.70054e+03
     Coulomb-14        LJ (SR)  Disper. corr.   Coulomb (SR)   Coul. recip.
    7.71834e+03    9.28359e+04   -4.44920e+03   -6.32668e+05    3.11424e+03
 Position Rest.      Potential    Kinetic En.   Total Energy  Conserved En.
    5.31658e+02   -5.22884e+05    8.60244e+04   -4.36860e+05   -5.06531e+05
    Temperature Pres. DC (bar) Pressure (bar)   Constr. rmsd
    3.00950e+02   -2.14729e+02   -3.71161e+02    2.90004e-06

           Step           Time
          49000       98.00000

   Energies (kJ/mol)
           Bond          Angle    Proper Dih. Ryckaert-Bell.          LJ-14
    1.42361e+03    3.70607e+03    2.51914e+02    1.90125e+03    2.73068e+03
     Coulomb-14        LJ (SR)  Disper. corr.   Coulomb (SR)   Coul. recip.
    7.79225e+03    9.33309e+04   -4.44920e+03   -6.32599e+05    3.13371e+03
 Position Rest.      Potential    Kinetic En.   Total Energy  Conserved En.
    5.10836e+02   -5.22267e+05    8.58442e+04   -4.36423e+05   -5.06517e+05
    Temperature Pres. DC (bar) Pressure (bar)   Constr. rmsd
    3.00319e+02   -2.14729e+02   -1.41404e+02    2.74533e-06

           Step           Time
          49500       99.00000

   Energies (kJ/mol)
           Bond          Angle    Proper Dih. Ryckaert-Bell.          LJ-14
    1.37203e+03    3.77943e+03    2.41734e+02    1.84522e+03    2.61540e+03
     Coulomb-14        LJ (SR)  Disper. corr.   Coulomb (SR)   Coul. recip.
    7.74633e+03    9.14816e+04   -4.44920e+03   -6.31066e+05    3.14465e+03
 Position Rest.      Potential    Kinetic En.   Total Energy  Conserved En.
    4.85236e+02   -5.22804e+05    8.61196e+04   -4.36684e+05   -5.06555e+05
    Temperature Pres. DC (bar) Pressure (bar)   Constr. rmsd
    3.01283e+02   -2.14729e+02   -7.42857e+02    2.87612e-06

           Step           Time
          50000      100.00000

Writing checkpoint, step 50000 at Sat Nov 26 18:25:31 2022


   Energies (kJ/mol)
           Bond          Angle    Proper Dih. Ryckaert-Bell.          LJ-14
    1.37492e+03    3.67976e+03    2.30221e+02    1.88086e+03    2.65087e+03
     Coulomb-14        LJ (SR)  Disper. corr.   Coulomb (SR)   Coul. recip.
    7.73062e+03    9.28816e+04   -4.44920e+03   -6.31348e+05    2.98874e+03
 Position Rest.      Potential    Kinetic En.   Total Energy  Conserved En.
    4.74954e+02   -5.21905e+05    8.55524e+04   -4.36353e+05   -5.06556e+05
    Temperature Pres. DC (bar) Pressure (bar)   Constr. rmsd
    2.99299e+02   -2.14729e+02   -2.99225e+02    2.77960e-06


Energy conservation over simulation part #1 of length 100 ps, time 0 to 100 ps
  Conserved energy drift: 1.53e-04 kJ/mol/ps per atom


	<======  ###############  ==>
	<====  A V E R A G E S  ====>
	<==  ###############  ======>

	Statistics over 50001 steps using 501 frames

   Energies (kJ/mol)
           Bond          Angle    Proper Dih. Ryckaert-Bell.          LJ-14
    1.44868e+03    3.72476e+03    2.46869e+02    1.84051e+03    2.68565e+03
     Coulomb-14        LJ (SR)  Disper. corr.   Coulomb (SR)   Coul. recip.
    7.73092e+03    9.19244e+04   -4.44920e+03   -6.31222e+05    3.00863e+03
 Position Rest.      Potential    Kinetic En.   Total Energy  Conserved En.
    5.02177e+02   -5.22558e+05    8.56727e+04   -4.36885e+05   -5.06372e+05
    Temperature Pres. DC (bar) Pressure (bar)   Constr. rmsd
    2.99720e+02   -2.14729e+02   -5.51484e+02    0.00000e+00

   Total Virial (kJ/mol)
    3.41357e+04    5.64527e+01   -1.06639e+02
    5.63250e+01    3.43871e+04    2.92099e+02
   -1.06775e+02    2.92095e+02    3.43110e+04

   Pressure (bar)
   -5.37492e+02   -4.35416e+00    1.12618e+01
   -4.34185e+00   -5.61470e+02   -2.93329e+01
    1.12749e+01   -2.93325e+01   -5.55490e+02

      T-Protein  T-non-Protein
    2.99684e+02    2.99722e+02


	M E G A - F L O P S   A C C O U N T I N G

 NB=Group-cutoff nonbonded kernels    NxN=N-by-N cluster Verlet kernels
 RF=Reaction-Field  VdW=Van der Waals  QSTab=quadratic-spline table
 W3=SPC/TIP3p  W4=TIP4p (single or pairs)
 V&F=Potential and force  V=Potential only  F=Force only

 Computing:                               M-Number         M-Flops  % Flops
-----------------------------------------------------------------------------
 Pair Search distance check            1609.522848       14485.706     0.0
 NxN Ewald Elec. + LJ [F]           1623748.046976   107167371.100    98.1
 NxN Ewald Elec. + LJ [V&F]           16434.296512     1758469.727     1.6
 1,4 nonbonded interactions             255.305106       22977.460     0.0
 Shift-X                                 16.971876         101.831     0.0
 Bonds                                   51.251025        3023.810     0.0
 Angles                                 177.353547       29795.396     0.0
 Propers                                 21.300426        4877.798     0.0
 RB-Dihedrals                           197.503950       48783.476     0.0
 Pos. Restr.                             50.051001        2502.550     0.0
 Virial                                  16.994421         305.900     0.0
 Stop-CM                                 17.005752         170.058     0.0
 Calc-Ekin                              338.827752        9148.349     0.0
 Lincs                                   47.952877        2877.173     0.0
 Lincs-Mat                              238.814328         955.257     0.0
 Constraint-V                          1691.367652       15222.309     0.0
 Constraint-Vir                          16.466367         395.193     0.0
 Settle                                 531.831908      196777.806     0.2
-----------------------------------------------------------------------------
 Total                                               109278240.897   100.0
-----------------------------------------------------------------------------


     R E A L   C Y C L E   A N D   T I M E   A C C O U N T I N G

On 1 MPI rank, each using 4 OpenMP threads

 Computing:          Num   Num      Call    Wall time         Giga-Cycles
                     Ranks Threads  Count      (s)         total sum    %
-----------------------------------------------------------------------------
 Neighbor search        1    4        501       2.493         36.858   2.1
 Launch GPU ops.        1    4      50001       7.208        106.561   6.0
 Force                  1    4      50001       7.937        117.345   6.6
 Wait PME GPU gather    1    4      50001      24.948        368.827  20.8
 Reduce GPU PME F       1    4      50001       4.935         72.954   4.1
 Wait GPU NB local                             24.621        363.988  20.5
 NB X/F buffer ops.     1    4      99501      10.219        151.074   8.5
 Write traj.            1    4        101       0.911         13.475   0.8
 Update                 1    4      50001       5.595         82.723   4.7
 Constraints            1    4      50003       5.650         83.522   4.7
 Rest                                          25.464        376.457  21.2
-----------------------------------------------------------------------------
 Total                                        119.981       1773.784 100.0
-----------------------------------------------------------------------------

               Core t (s)   Wall t (s)        (%)
       Time:      479.922      119.981      400.0
                 (ns/day)    (hour/ns)
Performance:       72.013        0.333
Finished mdrun on rank 0 Sat Nov 26 18:25:31 2022

